{"D:\\admin\\e-commerce-web\\be\\src\\app.ts": {"path":"D:\\admin\\e-commerce-web\\be\\src\\app.ts","statementMap":{"0":{"start":{"line":1,"column":0},"end":{"line":1,"column":47}},"1":{"start":{"line":2,"column":0},"end":{"line":2,"column":28}},"2":{"start":{"line":3,"column":0},"end":{"line":3,"column":41}},"3":{"start":{"line":4,"column":0},"end":{"line":4,"column":24}},"4":{"start":{"line":5,"column":0},"end":{"line":5,"column":47}},"5":{"start":{"line":6,"column":0},"end":{"line":6,"column":45}},"6":{"start":{"line":7,"column":0},"end":{"line":7,"column":51}},"7":{"start":{"line":8,"column":0},"end":{"line":8,"column":45}},"8":{"start":{"line":9,"column":0},"end":{"line":9,"column":53}},"9":{"start":{"line":10,"column":0},"end":{"line":10,"column":47}},"10":{"start":{"line":11,"column":0},"end":{"line":11,"column":47}},"11":{"start":{"line":12,"column":0},"end":{"line":12,"column":57}},"12":{"start":{"line":14,"column":0},"end":{"line":14,"column":16}},"13":{"start":{"line":16,"column":25},"end":{"line":16,"column":34}},"14":{"start":{"line":18,"column":0},"end":{"line":18,"column":41}},"15":{"start":{"line":19,"column":0},"end":{"line":19,"column":63}},"16":{"start":{"line":20,"column":0},"end":{"line":20,"column":24}},"17":{"start":{"line":22,"column":0},"end":{"line":28,"column":2}},"18":{"start":{"line":30,"column":0},"end":{"line":30,"column":29}},"19":{"start":{"line":31,"column":0},"end":{"line":31,"column":33}},"20":{"start":{"line":32,"column":0},"end":{"line":32,"column":40}},"21":{"start":{"line":33,"column":0},"end":{"line":33,"column":33}},"22":{"start":{"line":34,"column":0},"end":{"line":34,"column":41}},"23":{"start":{"line":35,"column":0},"end":{"line":35,"column":36}},"24":{"start":{"line":36,"column":0},"end":{"line":36,"column":35}},"25":{"start":{"line":37,"column":0},"end":{"line":37,"column":36}},"26":{"start":{"line":39,"column":0},"end":{"line":39,"column":19}}},"fnMap":{},"branchMap":{},"s":{"0":3,"1":3,"2":3,"3":3,"4":3,"5":3,"6":3,"7":3,"8":3,"9":3,"10":3,"11":3,"12":3,"13":3,"14":3,"15":3,"16":3,"17":3,"18":3,"19":3,"20":3,"21":3,"22":3,"23":3,"24":3,"25":3,"26":3},"f":{},"b":{}}
,"D:\\admin\\e-commerce-web\\be\\src\\config\\cloudinary.ts": {"path":"D:\\admin\\e-commerce-web\\be\\src\\config\\cloudinary.ts","statementMap":{"0":{"start":{"line":1,"column":0},"end":{"line":1,"column":46}},"1":{"start":{"line":2,"column":0},"end":{"line":2,"column":28}},"2":{"start":{"line":4,"column":0},"end":{"line":4,"column":16}},"3":{"start":{"line":6,"column":0},"end":{"line":11,"column":3}},"4":{"start":{"line":13,"column":0},"end":{"line":13,"column":26}}},"fnMap":{},"branchMap":{},"s":{"0":3,"1":3,"2":3,"3":3,"4":3},"f":{},"b":{}}
,"D:\\admin\\e-commerce-web\\be\\src\\controllers\\cart.controller.ts": {"path":"D:\\admin\\e-commerce-web\\be\\src\\controllers\\cart.controller.ts","statementMap":{"0":{"start":{"line":2,"column":0},"end":{"line":2,"column":35}},"1":{"start":{"line":3,"column":0},"end":{"line":3,"column":51}},"2":{"start":{"line":4,"column":0},"end":{"line":4,"column":57}},"3":{"start":{"line":7,"column":18},"end":{"line":9,"column":1}},"4":{"start":{"line":8,"column":2},"end":{"line":8,"column":54}},"5":{"start":{"line":11,"column":29},"end":{"line":48,"column":1}},"6":{"start":{"line":12,"column":21},"end":{"line":12,"column":60}},"7":{"start":{"line":14,"column":21},"end":{"line":14,"column":74}},"8":{"start":{"line":14,"column":51},"end":{"line":14,"column":73}},"9":{"start":{"line":16,"column":19},"end":{"line":18,"column":14}},"10":{"start":{"line":20,"column":21},"end":{"line":21,"column":null}},"11":{"start":{"line":21,"column":35},"end":{"line":21,"column":68}},"12":{"start":{"line":24,"column":19},"end":{"line":24,"column":20}},"13":{"start":{"line":26,"column":2},"end":{"line":43,"column":5}},"14":{"start":{"line":27,"column":20},"end":{"line":27,"column":57}},"15":{"start":{"line":29,"column":4},"end":{"line":31,"column":5}},"16":{"start":{"line":30,"column":6},"end":{"line":30,"column":69}},"17":{"start":{"line":33,"column":18},"end":{"line":33,"column":31}},"18":{"start":{"line":35,"column":4},"end":{"line":35,"column":47}},"19":{"start":{"line":37,"column":4},"end":{"line":42,"column":6}},"20":{"start":{"line":45,"column":2},"end":{"line":45,"column":31}},"21":{"start":{"line":47,"column":2},"end":{"line":47,"column":14}},"22":{"start":{"line":50,"column":23},"end":{"line":69,"column":1}},"23":{"start":{"line":51,"column":2},"end":{"line":68,"column":3}},"24":{"start":{"line":52,"column":19},"end":{"line":52,"column":32}},"25":{"start":{"line":53,"column":4},"end":{"line":53,"column":72}},"26":{"start":{"line":53,"column":17},"end":{"line":53,"column":72}},"27":{"start":{"line":55,"column":20},"end":{"line":55,"column":56}},"28":{"start":{"line":57,"column":17},"end":{"line":57,"column":50}},"29":{"start":{"line":58,"column":4},"end":{"line":60,"column":5}},"30":{"start":{"line":59,"column":6},"end":{"line":59,"column":80}},"31":{"start":{"line":62,"column":33},"end":{"line":62,"column":37}},"32":{"start":{"line":64,"column":4},"end":{"line":64,"column":55}},"33":{"start":{"line":66,"column":4},"end":{"line":66,"column":25}},"34":{"start":{"line":67,"column":4},"end":{"line":67,"column":61}},"35":{"start":{"line":50,"column":13},"end":{"line":50,"column":23}},"36":{"start":{"line":71,"column":25},"end":{"line":140,"column":1}},"37":{"start":{"line":72,"column":2},"end":{"line":139,"column":3}},"38":{"start":{"line":73,"column":19},"end":{"line":73,"column":32}},"39":{"start":{"line":74,"column":4},"end":{"line":74,"column":72}},"40":{"start":{"line":74,"column":17},"end":{"line":74,"column":72}},"41":{"start":{"line":76,"column":36},"end":{"line":76,"column":44}},"42":{"start":{"line":77,"column":4},"end":{"line":79,"column":5}},"43":{"start":{"line":78,"column":6},"end":{"line":78,"column":78}},"44":{"start":{"line":80,"column":23},"end":{"line":80,"column":62}},"45":{"start":{"line":82,"column":20},"end":{"line":84,"column":6}},"46":{"start":{"line":86,"column":4},"end":{"line":88,"column":5}},"47":{"start":{"line":87,"column":6},"end":{"line":87,"column":66}},"48":{"start":{"line":90,"column":20},"end":{"line":90,"column":56}},"49":{"start":{"line":92,"column":15},"end":{"line":92,"column":48}},"50":{"start":{"line":94,"column":4},"end":{"line":133,"column":5}},"51":{"start":{"line":95,"column":6},"end":{"line":110,"column":8}},"52":{"start":{"line":111,"column":6},"end":{"line":111,"column":36}},"53":{"start":{"line":113,"column":20},"end":{"line":114,"column":null}},"54":{"start":{"line":114,"column":20},"end":{"line":114,"column":45}},"55":{"start":{"line":117,"column":6},"end":{"line":127,"column":7}},"56":{"start":{"line":118,"column":8},"end":{"line":118,"column":58}},"57":{"start":{"line":120,"column":8},"end":{"line":126,"column":11}},"58":{"start":{"line":129,"column":6},"end":{"line":129,"column":39}},"59":{"start":{"line":130,"column":6},"end":{"line":130,"column":35}},"60":{"start":{"line":132,"column":6},"end":{"line":132,"column":58}},"61":{"start":{"line":135,"column":4},"end":{"line":135,"column":66}},"62":{"start":{"line":137,"column":4},"end":{"line":137,"column":25}},"63":{"start":{"line":138,"column":4},"end":{"line":138,"column":61}},"64":{"start":{"line":71,"column":13},"end":{"line":71,"column":25}},"65":{"start":{"line":142,"column":26},"end":{"line":177,"column":1}},"66":{"start":{"line":143,"column":2},"end":{"line":176,"column":3}},"67":{"start":{"line":144,"column":19},"end":{"line":144,"column":32}},"68":{"start":{"line":145,"column":4},"end":{"line":145,"column":72}},"69":{"start":{"line":145,"column":17},"end":{"line":145,"column":72}},"70":{"start":{"line":147,"column":36},"end":{"line":147,"column":44}},"71":{"start":{"line":149,"column":20},"end":{"line":149,"column":56}},"72":{"start":{"line":151,"column":15},"end":{"line":151,"column":48}},"73":{"start":{"line":152,"column":4},"end":{"line":152,"column":74}},"74":{"start":{"line":152,"column":15},"end":{"line":152,"column":74}},"75":{"start":{"line":154,"column":18},"end":{"line":155,"column":null}},"76":{"start":{"line":155,"column":18},"end":{"line":155,"column":43}},"77":{"start":{"line":158,"column":4},"end":{"line":159,"column":76}},"78":{"start":{"line":159,"column":6},"end":{"line":159,"column":76}},"79":{"start":{"line":161,"column":4},"end":{"line":165,"column":5}},"80":{"start":{"line":162,"column":6},"end":{"line":162,"column":37}},"81":{"start":{"line":164,"column":6},"end":{"line":164,"column":47}},"82":{"start":{"line":167,"column":4},"end":{"line":167,"column":37}},"83":{"start":{"line":168,"column":4},"end":{"line":168,"column":33}},"84":{"start":{"line":170,"column":4},"end":{"line":170,"column":56}},"85":{"start":{"line":172,"column":4},"end":{"line":172,"column":26}},"86":{"start":{"line":174,"column":4},"end":{"line":174,"column":25}},"87":{"start":{"line":175,"column":4},"end":{"line":175,"column":61}},"88":{"start":{"line":142,"column":13},"end":{"line":142,"column":26}},"89":{"start":{"line":179,"column":26},"end":{"line":213,"column":1}},"90":{"start":{"line":180,"column":2},"end":{"line":212,"column":3}},"91":{"start":{"line":181,"column":19},"end":{"line":181,"column":32}},"92":{"start":{"line":183,"column":4},"end":{"line":183,"column":72}},"93":{"start":{"line":183,"column":17},"end":{"line":183,"column":72}},"94":{"start":{"line":185,"column":26},"end":{"line":185,"column":34}},"95":{"start":{"line":187,"column":20},"end":{"line":187,"column":56}},"96":{"start":{"line":188,"column":17},"end":{"line":188,"column":50}},"97":{"start":{"line":190,"column":4},"end":{"line":190,"column":74}},"98":{"start":{"line":190,"column":15},"end":{"line":190,"column":74}},"99":{"start":{"line":192,"column":18},"end":{"line":193,"column":null}},"100":{"start":{"line":193,"column":18},"end":{"line":193,"column":43}},"101":{"start":{"line":195,"column":4},"end":{"line":196,"column":76}},"102":{"start":{"line":196,"column":6},"end":{"line":196,"column":76}},"103":{"start":{"line":198,"column":4},"end":{"line":198,"column":35}},"104":{"start":{"line":200,"column":4},"end":{"line":203,"column":6}},"105":{"start":{"line":201,"column":31},"end":{"line":201,"column":57}},"106":{"start":{"line":204,"column":4},"end":{"line":204,"column":33}},"107":{"start":{"line":206,"column":4},"end":{"line":206,"column":56}},"108":{"start":{"line":208,"column":4},"end":{"line":208,"column":26}},"109":{"start":{"line":210,"column":4},"end":{"line":210,"column":25}},"110":{"start":{"line":211,"column":4},"end":{"line":211,"column":61}},"111":{"start":{"line":179,"column":13},"end":{"line":179,"column":26}}},"fnMap":{"0":{"name":"(anonymous_0)","decl":{"start":{"line":7,"column":18},"end":{"line":7,"column":19}},"loc":{"start":{"line":7,"column":52},"end":{"line":9,"column":1}}},"1":{"name":"(anonymous_1)","decl":{"start":{"line":11,"column":29},"end":{"line":11,"column":34}},"loc":{"start":{"line":11,"column":49},"end":{"line":48,"column":1}}},"2":{"name":"(anonymous_2)","decl":{"start":{"line":14,"column":39},"end":{"line":14,"column":40}},"loc":{"start":{"line":14,"column":51},"end":{"line":14,"column":73}}},"3":{"name":"(anonymous_3)","decl":{"start":{"line":21,"column":17},"end":{"line":21,"column":18}},"loc":{"start":{"line":21,"column":35},"end":{"line":21,"column":68}}},"4":{"name":"(anonymous_4)","decl":{"start":{"line":26,"column":36},"end":{"line":26,"column":37}},"loc":{"start":{"line":26,"column":57},"end":{"line":43,"column":3}}},"5":{"name":"(anonymous_5)","decl":{"start":{"line":50,"column":23},"end":{"line":50,"column":28}},"loc":{"start":{"line":50,"column":65},"end":{"line":69,"column":1}}},"6":{"name":"(anonymous_6)","decl":{"start":{"line":71,"column":25},"end":{"line":71,"column":30}},"loc":{"start":{"line":71,"column":67},"end":{"line":140,"column":1}}},"7":{"name":"(anonymous_7)","decl":{"start":{"line":114,"column":8},"end":{"line":114,"column":9}},"loc":{"start":{"line":114,"column":20},"end":{"line":114,"column":45}}},"8":{"name":"(anonymous_8)","decl":{"start":{"line":142,"column":26},"end":{"line":142,"column":31}},"loc":{"start":{"line":142,"column":68},"end":{"line":177,"column":1}}},"9":{"name":"(anonymous_9)","decl":{"start":{"line":155,"column":6},"end":{"line":155,"column":7}},"loc":{"start":{"line":155,"column":18},"end":{"line":155,"column":43}}},"10":{"name":"(anonymous_10)","decl":{"start":{"line":179,"column":26},"end":{"line":179,"column":31}},"loc":{"start":{"line":179,"column":68},"end":{"line":213,"column":1}}},"11":{"name":"(anonymous_11)","decl":{"start":{"line":193,"column":6},"end":{"line":193,"column":7}},"loc":{"start":{"line":193,"column":18},"end":{"line":193,"column":43}}},"12":{"name":"(anonymous_12)","decl":{"start":{"line":201,"column":6},"end":{"line":201,"column":7}},"loc":{"start":{"line":201,"column":31},"end":{"line":201,"column":57}}}},"branchMap":{"0":{"loc":{"start":{"line":8,"column":9},"end":{"line":8,"column":53}},"type":"cond-expr","locations":[{"start":{"line":8,"column":32},"end":{"line":8,"column":48}},{"start":{"line":8,"column":51},"end":{"line":8,"column":53}}]},"1":{"loc":{"start":{"line":29,"column":4},"end":{"line":31,"column":5}},"type":"if","locations":[{"start":{"line":29,"column":4},"end":{"line":31,"column":5}},{"start":{},"end":{}}]},"2":{"loc":{"start":{"line":53,"column":4},"end":{"line":53,"column":72}},"type":"if","locations":[{"start":{"line":53,"column":4},"end":{"line":53,"column":72}},{"start":{},"end":{}}]},"3":{"loc":{"start":{"line":58,"column":4},"end":{"line":60,"column":5}},"type":"if","locations":[{"start":{"line":58,"column":4},"end":{"line":60,"column":5}},{"start":{},"end":{}}]},"4":{"loc":{"start":{"line":74,"column":4},"end":{"line":74,"column":72}},"type":"if","locations":[{"start":{"line":74,"column":4},"end":{"line":74,"column":72}},{"start":{},"end":{}}]},"5":{"loc":{"start":{"line":77,"column":4},"end":{"line":79,"column":5}},"type":"if","locations":[{"start":{"line":77,"column":4},"end":{"line":79,"column":5}},{"start":{},"end":{}}]},"6":{"loc":{"start":{"line":77,"column":8},"end":{"line":77,"column":31}},"type":"binary-expr","locations":[{"start":{"line":77,"column":8},"end":{"line":77,"column":18}},{"start":{"line":77,"column":22},"end":{"line":77,"column":31}}]},"7":{"loc":{"start":{"line":86,"column":4},"end":{"line":88,"column":5}},"type":"if","locations":[{"start":{"line":86,"column":4},"end":{"line":88,"column":5}},{"start":{},"end":{}}]},"8":{"loc":{"start":{"line":94,"column":4},"end":{"line":133,"column":5}},"type":"if","locations":[{"start":{"line":94,"column":4},"end":{"line":133,"column":5}},{"start":{"line":112,"column":11},"end":{"line":133,"column":5}}]},"9":{"loc":{"start":{"line":117,"column":6},"end":{"line":127,"column":7}},"type":"if","locations":[{"start":{"line":117,"column":6},"end":{"line":127,"column":7}},{"start":{"line":119,"column":13},"end":{"line":127,"column":7}}]},"10":{"loc":{"start":{"line":145,"column":4},"end":{"line":145,"column":72}},"type":"if","locations":[{"start":{"line":145,"column":4},"end":{"line":145,"column":72}},{"start":{},"end":{}}]},"11":{"loc":{"start":{"line":152,"column":4},"end":{"line":152,"column":74}},"type":"if","locations":[{"start":{"line":152,"column":4},"end":{"line":152,"column":74}},{"start":{},"end":{}}]},"12":{"loc":{"start":{"line":158,"column":4},"end":{"line":159,"column":76}},"type":"if","locations":[{"start":{"line":158,"column":4},"end":{"line":159,"column":76}},{"start":{},"end":{}}]},"13":{"loc":{"start":{"line":161,"column":4},"end":{"line":165,"column":5}},"type":"if","locations":[{"start":{"line":161,"column":4},"end":{"line":165,"column":5}},{"start":{"line":163,"column":11},"end":{"line":165,"column":5}}]},"14":{"loc":{"start":{"line":183,"column":4},"end":{"line":183,"column":72}},"type":"if","locations":[{"start":{"line":183,"column":4},"end":{"line":183,"column":72}},{"start":{},"end":{}}]},"15":{"loc":{"start":{"line":190,"column":4},"end":{"line":190,"column":74}},"type":"if","locations":[{"start":{"line":190,"column":4},"end":{"line":190,"column":74}},{"start":{},"end":{}}]},"16":{"loc":{"start":{"line":195,"column":4},"end":{"line":196,"column":76}},"type":"if","locations":[{"start":{"line":195,"column":4},"end":{"line":196,"column":76}},{"start":{},"end":{}}]}},"s":{"0":3,"1":3,"2":3,"3":3,"4":3,"5":3,"6":0,"7":0,"8":0,"9":0,"10":0,"11":0,"12":0,"13":0,"14":0,"15":0,"16":0,"17":0,"18":0,"19":0,"20":0,"21":0,"22":3,"23":0,"24":0,"25":0,"26":0,"27":0,"28":0,"29":0,"30":0,"31":0,"32":0,"33":0,"34":0,"35":3,"36":3,"37":3,"38":3,"39":3,"40":0,"41":3,"42":3,"43":0,"44":3,"45":3,"46":3,"47":0,"48":3,"49":3,"50":3,"51":3,"52":3,"53":0,"54":0,"55":0,"56":0,"57":0,"58":0,"59":0,"60":0,"61":3,"62":0,"63":0,"64":3,"65":3,"66":0,"67":0,"68":0,"69":0,"70":0,"71":0,"72":0,"73":0,"74":0,"75":0,"76":0,"77":0,"78":0,"79":0,"80":0,"81":0,"82":0,"83":0,"84":0,"85":0,"86":0,"87":0,"88":3,"89":3,"90":0,"91":0,"92":0,"93":0,"94":0,"95":0,"96":0,"97":0,"98":0,"99":0,"100":0,"101":0,"102":0,"103":0,"104":0,"105":0,"106":0,"107":0,"108":0,"109":0,"110":0,"111":3},"f":{"0":3,"1":0,"2":0,"3":0,"4":0,"5":0,"6":3,"7":0,"8":0,"9":0,"10":0,"11":0,"12":0},"b":{"0":[0,3],"1":[0,0],"2":[0,0],"3":[0,0],"4":[0,3],"5":[0,3],"6":[3,3],"7":[0,3],"8":[3,0],"9":[0,0],"10":[0,0],"11":[0,0],"12":[0,0],"13":[0,0],"14":[0,0],"15":[0,0],"16":[0,0]}}
,"D:\\admin\\e-commerce-web\\be\\src\\controllers\\category.controller.ts": {"path":"D:\\admin\\e-commerce-web\\be\\src\\controllers\\category.controller.ts","statementMap":{"0":{"start":{"line":2,"column":0},"end":{"line":2,"column":59}},"1":{"start":{"line":3,"column":0},"end":{"line":3,"column":35}},"2":{"start":{"line":5,"column":32},"end":{"line":46,"column":1}},"3":{"start":{"line":6,"column":2},"end":{"line":45,"column":3}},"4":{"start":{"line":7,"column":16},"end":{"line":7,"column":56}},"5":{"start":{"line":8,"column":17},"end":{"line":8,"column":56}},"6":{"start":{"line":9,"column":18},"end":{"line":9,"column":59}},"7":{"start":{"line":10,"column":17},"end":{"line":10,"column":35}},"8":{"start":{"line":12,"column":32},"end":{"line":21,"column":6}},"9":{"start":{"line":23,"column":22},"end":{"line":27,"column":7}},"10":{"start":{"line":23,"column":45},"end":{"line":27,"column":6}},"11":{"start":{"line":29,"column":23},"end":{"line":29,"column":47}},"12":{"start":{"line":31,"column":4},"end":{"line":41,"column":7}},"13":{"start":{"line":43,"column":4},"end":{"line":43,"column":25}},"14":{"start":{"line":44,"column":4},"end":{"line":44,"column":61}},"15":{"start":{"line":5,"column":13},"end":{"line":5,"column":32}},"16":{"start":{"line":48,"column":30},"end":{"line":80,"column":1}},"17":{"start":{"line":49,"column":2},"end":{"line":79,"column":3}},"18":{"start":{"line":50,"column":43},"end":{"line":50,"column":51}},"19":{"start":{"line":52,"column":4},"end":{"line":53,"column":61}},"20":{"start":{"line":53,"column":6},"end":{"line":53,"column":61}},"21":{"start":{"line":55,"column":16},"end":{"line":55,"column":56}},"22":{"start":{"line":57,"column":31},"end":{"line":60,"column":31}},"23":{"start":{"line":62,"column":19},"end":{"line":62,"column":73}},"24":{"start":{"line":63,"column":4},"end":{"line":64,"column":72}},"25":{"start":{"line":64,"column":6},"end":{"line":64,"column":72}},"26":{"start":{"line":66,"column":19},"end":{"line":71,"column":6}},"27":{"start":{"line":73,"column":4},"end":{"line":73,"column":32}},"28":{"start":{"line":75,"column":4},"end":{"line":75,"column":80}},"29":{"start":{"line":77,"column":4},"end":{"line":77,"column":25}},"30":{"start":{"line":78,"column":4},"end":{"line":78,"column":61}},"31":{"start":{"line":48,"column":13},"end":{"line":48,"column":30}},"32":{"start":{"line":82,"column":30},"end":{"line":122,"column":1}},"33":{"start":{"line":83,"column":2},"end":{"line":121,"column":3}},"34":{"start":{"line":84,"column":19},"end":{"line":84,"column":29}},"35":{"start":{"line":86,"column":4},"end":{"line":87,"column":72}},"36":{"start":{"line":87,"column":6},"end":{"line":87,"column":72}},"37":{"start":{"line":89,"column":43},"end":{"line":89,"column":51}},"38":{"start":{"line":91,"column":4},"end":{"line":92,"column":61}},"39":{"start":{"line":92,"column":6},"end":{"line":92,"column":61}},"40":{"start":{"line":94,"column":31},"end":{"line":97,"column":31}},"41":{"start":{"line":99,"column":16},"end":{"line":99,"column":56}},"42":{"start":{"line":101,"column":19},"end":{"line":111,"column":null}},"43":{"start":{"line":114,"column":4},"end":{"line":115,"column":74}},"44":{"start":{"line":115,"column":6},"end":{"line":115,"column":74}},"45":{"start":{"line":117,"column":4},"end":{"line":117,"column":32}},"46":{"start":{"line":119,"column":4},"end":{"line":119,"column":25}},"47":{"start":{"line":120,"column":4},"end":{"line":120,"column":61}},"48":{"start":{"line":82,"column":13},"end":{"line":82,"column":30}},"49":{"start":{"line":124,"column":30},"end":{"line":142,"column":1}},"50":{"start":{"line":125,"column":2},"end":{"line":141,"column":3}},"51":{"start":{"line":126,"column":19},"end":{"line":126,"column":29}},"52":{"start":{"line":127,"column":4},"end":{"line":128,"column":72}},"53":{"start":{"line":128,"column":6},"end":{"line":128,"column":72}},"54":{"start":{"line":130,"column":16},"end":{"line":130,"column":56}},"55":{"start":{"line":132,"column":19},"end":{"line":132,"column":65}},"56":{"start":{"line":134,"column":4},"end":{"line":135,"column":67}},"57":{"start":{"line":135,"column":6},"end":{"line":135,"column":67}},"58":{"start":{"line":137,"column":4},"end":{"line":137,"column":32}},"59":{"start":{"line":139,"column":4},"end":{"line":139,"column":25}},"60":{"start":{"line":140,"column":4},"end":{"line":140,"column":61}},"61":{"start":{"line":124,"column":13},"end":{"line":124,"column":30}}},"fnMap":{"0":{"name":"(anonymous_0)","decl":{"start":{"line":5,"column":32},"end":{"line":5,"column":37}},"loc":{"start":{"line":5,"column":70},"end":{"line":46,"column":1}}},"1":{"name":"(anonymous_1)","decl":{"start":{"line":23,"column":37},"end":{"line":23,"column":38}},"loc":{"start":{"line":23,"column":45},"end":{"line":27,"column":6}}},"2":{"name":"(anonymous_2)","decl":{"start":{"line":48,"column":30},"end":{"line":48,"column":35}},"loc":{"start":{"line":48,"column":68},"end":{"line":80,"column":1}}},"3":{"name":"(anonymous_3)","decl":{"start":{"line":82,"column":30},"end":{"line":82,"column":35}},"loc":{"start":{"line":82,"column":68},"end":{"line":122,"column":1}}},"4":{"name":"(anonymous_4)","decl":{"start":{"line":124,"column":30},"end":{"line":124,"column":35}},"loc":{"start":{"line":124,"column":68},"end":{"line":142,"column":1}}}},"branchMap":{"0":{"loc":{"start":{"line":8,"column":17},"end":{"line":8,"column":56}},"type":"binary-expr","locations":[{"start":{"line":8,"column":17},"end":{"line":8,"column":51}},{"start":{"line":8,"column":55},"end":{"line":8,"column":56}}]},"1":{"loc":{"start":{"line":9,"column":18},"end":{"line":9,"column":59}},"type":"binary-expr","locations":[{"start":{"line":9,"column":18},"end":{"line":9,"column":53}},{"start":{"line":9,"column":57},"end":{"line":9,"column":59}}]},"2":{"loc":{"start":{"line":52,"column":4},"end":{"line":53,"column":61}},"type":"if","locations":[{"start":{"line":52,"column":4},"end":{"line":53,"column":61}},{"start":{},"end":{}}]},"3":{"loc":{"start":{"line":52,"column":8},"end":{"line":52,"column":38}},"type":"binary-expr","locations":[{"start":{"line":52,"column":8},"end":{"line":52,"column":22}},{"start":{"line":52,"column":26},"end":{"line":52,"column":38}}]},"4":{"loc":{"start":{"line":63,"column":4},"end":{"line":64,"column":72}},"type":"if","locations":[{"start":{"line":63,"column":4},"end":{"line":64,"column":72}},{"start":{},"end":{}}]},"5":{"loc":{"start":{"line":86,"column":4},"end":{"line":87,"column":72}},"type":"if","locations":[{"start":{"line":86,"column":4},"end":{"line":87,"column":72}},{"start":{},"end":{}}]},"6":{"loc":{"start":{"line":91,"column":4},"end":{"line":92,"column":61}},"type":"if","locations":[{"start":{"line":91,"column":4},"end":{"line":92,"column":61}},{"start":{},"end":{}}]},"7":{"loc":{"start":{"line":91,"column":8},"end":{"line":91,"column":38}},"type":"binary-expr","locations":[{"start":{"line":91,"column":8},"end":{"line":91,"column":20}},{"start":{"line":91,"column":24},"end":{"line":91,"column":38}}]},"8":{"loc":{"start":{"line":114,"column":4},"end":{"line":115,"column":74}},"type":"if","locations":[{"start":{"line":114,"column":4},"end":{"line":115,"column":74}},{"start":{},"end":{}}]},"9":{"loc":{"start":{"line":127,"column":4},"end":{"line":128,"column":72}},"type":"if","locations":[{"start":{"line":127,"column":4},"end":{"line":128,"column":72}},{"start":{},"end":{}}]},"10":{"loc":{"start":{"line":134,"column":4},"end":{"line":135,"column":67}},"type":"if","locations":[{"start":{"line":134,"column":4},"end":{"line":135,"column":67}},{"start":{},"end":{}}]}},"s":{"0":3,"1":3,"2":3,"3":0,"4":0,"5":0,"6":0,"7":0,"8":0,"9":0,"10":0,"11":0,"12":0,"13":0,"14":0,"15":3,"16":3,"17":0,"18":0,"19":0,"20":0,"21":0,"22":0,"23":0,"24":0,"25":0,"26":0,"27":0,"28":0,"29":0,"30":0,"31":3,"32":3,"33":0,"34":0,"35":0,"36":0,"37":0,"38":0,"39":0,"40":0,"41":0,"42":0,"43":0,"44":0,"45":0,"46":0,"47":0,"48":3,"49":3,"50":0,"51":0,"52":0,"53":0,"54":0,"55":0,"56":0,"57":0,"58":0,"59":0,"60":0,"61":3},"f":{"0":0,"1":0,"2":0,"3":0,"4":0},"b":{"0":[0,0],"1":[0,0],"2":[0,0],"3":[0,0],"4":[0,0],"5":[0,0],"6":[0,0],"7":[0,0],"8":[0,0],"9":[0,0],"10":[0,0]}}
,"D:\\admin\\e-commerce-web\\be\\src\\controllers\\checkout.controller.ts": {"path":"D:\\admin\\e-commerce-web\\be\\src\\controllers\\checkout.controller.ts","statementMap":{"0":{"start":{"line":3,"column":0},"end":{"line":3,"column":51}},"1":{"start":{"line":4,"column":0},"end":{"line":4,"column":59}},"2":{"start":{"line":5,"column":0},"end":{"line":5,"column":53}},"3":{"start":{"line":6,"column":0},"end":{"line":6,"column":80}},"4":{"start":{"line":11,"column":14},"end":{"line":11,"column":24}},"5":{"start":{"line":12,"column":20},"end":{"line":12,"column":33}},"6":{"start":{"line":13,"column":18},"end":{"line":13,"column":62}},"7":{"start":{"line":14,"column":23},"end":{"line":14,"column":72}},"8":{"start":{"line":15,"column":2},"end":{"line":15,"column":52}},"9":{"start":{"line":17,"column":30},"end":{"line":105,"column":1}},"10":{"start":{"line":18,"column":2},"end":{"line":104,"column":3}},"11":{"start":{"line":19,"column":42},"end":{"line":19,"column":50}},"12":{"start":{"line":20,"column":19},"end":{"line":20,"column":32}},"13":{"start":{"line":22,"column":24},"end":{"line":22,"column":64}},"14":{"start":{"line":23,"column":20},"end":{"line":23,"column":56}},"15":{"start":{"line":24,"column":21},"end":{"line":24,"column":58}},"16":{"start":{"line":26,"column":17},"end":{"line":26,"column":50}},"17":{"start":{"line":27,"column":4},"end":{"line":27,"column":80}},"18":{"start":{"line":27,"column":15},"end":{"line":27,"column":80}},"19":{"start":{"line":29,"column":23},"end":{"line":29,"column":51}},"20":{"start":{"line":30,"column":23},"end":{"line":30,"column":60}},"21":{"start":{"line":31,"column":20},"end":{"line":31,"column":35}},"22":{"start":{"line":33,"column":22},"end":{"line":42,"column":6}},"23":{"start":{"line":44,"column":4},"end":{"line":57,"column":5}},"24":{"start":{"line":45,"column":6},"end":{"line":45,"column":45}},"25":{"start":{"line":46,"column":6},"end":{"line":48,"column":9}},"26":{"start":{"line":50,"column":6},"end":{"line":50,"column":65}},"27":{"start":{"line":52,"column":6},"end":{"line":56,"column":9}},"28":{"start":{"line":59,"column":4},"end":{"line":98,"column":5}},"29":{"start":{"line":60,"column":6},"end":{"line":60,"column":45}},"30":{"start":{"line":62,"column":6},"end":{"line":66,"column":9}},"31":{"start":{"line":68,"column":6},"end":{"line":71,"column":8}},"32":{"start":{"line":73,"column":20},"end":{"line":79,"column":8}},"33":{"start":{"line":81,"column":25},"end":{"line":91,"column":8}},"34":{"start":{"line":93,"column":6},"end":{"line":97,"column":9}},"35":{"start":{"line":100,"column":4},"end":{"line":100,"column":75}},"36":{"start":{"line":102,"column":4},"end":{"line":102,"column":23}},"37":{"start":{"line":103,"column":4},"end":{"line":103,"column":61}},"38":{"start":{"line":17,"column":13},"end":{"line":17,"column":30}},"39":{"start":{"line":108,"column":2},"end":{"line":116,"column":4}},"40":{"start":{"line":119,"column":29},"end":{"line":186,"column":1}},"41":{"start":{"line":120,"column":2},"end":{"line":185,"column":3}},"42":{"start":{"line":121,"column":18},"end":{"line":121,"column":27}},"43":{"start":{"line":140,"column":29},"end":{"line":140,"column":54}},"44":{"start":{"line":141,"column":22},"end":{"line":141,"column":54}},"45":{"start":{"line":143,"column":20},"end":{"line":143,"column":53}},"46":{"start":{"line":145,"column":24},"end":{"line":145,"column":64}},"47":{"start":{"line":146,"column":20},"end":{"line":146,"column":56}},"48":{"start":{"line":148,"column":18},"end":{"line":148,"column":56}},"49":{"start":{"line":149,"column":4},"end":{"line":151,"column":5}},"50":{"start":{"line":150,"column":6},"end":{"line":150,"column":71}},"51":{"start":{"line":153,"column":4},"end":{"line":173,"column":5}},"52":{"start":{"line":154,"column":6},"end":{"line":157,"column":8}},"53":{"start":{"line":159,"column":6},"end":{"line":159,"column":56}},"54":{"start":{"line":160,"column":6},"end":{"line":169,"column":9}},"55":{"start":{"line":170,"column":6},"end":{"line":172,"column":8}},"56":{"start":{"line":175,"column":4},"end":{"line":175,"column":77}},"57":{"start":{"line":177,"column":4},"end":{"line":179,"column":6}},"58":{"start":{"line":181,"column":4},"end":{"line":181,"column":25}},"59":{"start":{"line":182,"column":4},"end":{"line":184,"column":7}},"60":{"start":{"line":119,"column":13},"end":{"line":119,"column":29}}},"fnMap":{"0":{"name":"generatePayID","decl":{"start":{"line":10,"column":9},"end":{"line":10,"column":22}},"loc":{"start":{"line":10,"column":22},"end":{"line":16,"column":1}}},"1":{"name":"(anonymous_1)","decl":{"start":{"line":17,"column":30},"end":{"line":17,"column":35}},"loc":{"start":{"line":17,"column":72},"end":{"line":105,"column":1}}},"2":{"name":"emptyCart","decl":{"start":{"line":107,"column":9},"end":{"line":107,"column":18}},"loc":{"start":{"line":107,"column":18},"end":{"line":117,"column":1}}},"3":{"name":"(anonymous_3)","decl":{"start":{"line":119,"column":29},"end":{"line":119,"column":34}},"loc":{"start":{"line":119,"column":67},"end":{"line":186,"column":1}}}},"branchMap":{"0":{"loc":{"start":{"line":27,"column":4},"end":{"line":27,"column":80}},"type":"if","locations":[{"start":{"line":27,"column":4},"end":{"line":27,"column":80}},{"start":{},"end":{}}]},"1":{"loc":{"start":{"line":29,"column":23},"end":{"line":29,"column":51}},"type":"binary-expr","locations":[{"start":{"line":29,"column":23},"end":{"line":29,"column":46}},{"start":{"line":29,"column":50},"end":{"line":29,"column":51}}]},"2":{"loc":{"start":{"line":30,"column":23},"end":{"line":30,"column":60}},"type":"binary-expr","locations":[{"start":{"line":30,"column":23},"end":{"line":30,"column":46}},{"start":{"line":30,"column":50},"end":{"line":30,"column":60}}]},"3":{"loc":{"start":{"line":36,"column":16},"end":{"line":36,"column":35}},"type":"binary-expr","locations":[{"start":{"line":36,"column":16},"end":{"line":36,"column":29}},{"start":{"line":36,"column":33},"end":{"line":36,"column":35}}]},"4":{"loc":{"start":{"line":44,"column":4},"end":{"line":57,"column":5}},"type":"if","locations":[{"start":{"line":44,"column":4},"end":{"line":57,"column":5}},{"start":{},"end":{}}]},"5":{"loc":{"start":{"line":59,"column":4},"end":{"line":98,"column":5}},"type":"if","locations":[{"start":{"line":59,"column":4},"end":{"line":98,"column":5}},{"start":{},"end":{}}]},"6":{"loc":{"start":{"line":83,"column":20},"end":{"line":83,"column":41}},"type":"binary-expr","locations":[{"start":{"line":83,"column":20},"end":{"line":83,"column":26}},{"start":{"line":83,"column":30},"end":{"line":83,"column":41}}]},"7":{"loc":{"start":{"line":149,"column":4},"end":{"line":151,"column":5}},"type":"if","locations":[{"start":{"line":149,"column":4},"end":{"line":151,"column":5}},{"start":{},"end":{}}]},"8":{"loc":{"start":{"line":153,"column":4},"end":{"line":173,"column":5}},"type":"if","locations":[{"start":{"line":153,"column":4},"end":{"line":173,"column":5}},{"start":{},"end":{}}]}},"s":{"0":3,"1":3,"2":3,"3":3,"4":0,"5":0,"6":0,"7":0,"8":0,"9":3,"10":0,"11":0,"12":0,"13":0,"14":0,"15":0,"16":0,"17":0,"18":0,"19":0,"20":0,"21":0,"22":0,"23":0,"24":0,"25":0,"26":0,"27":0,"28":0,"29":0,"30":0,"31":0,"32":0,"33":0,"34":0,"35":0,"36":0,"37":0,"38":3,"39":0,"40":3,"41":0,"42":0,"43":0,"44":0,"45":0,"46":0,"47":0,"48":0,"49":0,"50":0,"51":0,"52":0,"53":0,"54":0,"55":0,"56":0,"57":0,"58":0,"59":0,"60":3},"f":{"0":0,"1":0,"2":0,"3":0},"b":{"0":[0,0],"1":[0,0],"2":[0,0],"3":[0,0],"4":[0,0],"5":[0,0],"6":[0,0],"7":[0,0],"8":[0,0]}}
,"D:\\admin\\e-commerce-web\\be\\src\\controllers\\dashboard.controller.ts": {"path":"D:\\admin\\e-commerce-web\\be\\src\\controllers\\dashboard.controller.ts","statementMap":{"0":{"start":{"line":2,"column":0},"end":{"line":2,"column":53}},"1":{"start":{"line":3,"column":0},"end":{"line":3,"column":57}},"2":{"start":{"line":4,"column":0},"end":{"line":4,"column":51}},"3":{"start":{"line":6,"column":32},"end":{"line":90,"column":1}},"4":{"start":{"line":7,"column":2},"end":{"line":89,"column":3}},"5":{"start":{"line":8,"column":23},"end":{"line":8,"column":62}},"6":{"start":{"line":9,"column":26},"end":{"line":9,"column":59}},"7":{"start":{"line":11,"column":20},"end":{"line":11,"column":56}},"8":{"start":{"line":12,"column":23},"end":{"line":12,"column":53}},"9":{"start":{"line":14,"column":21},"end":{"line":14,"column":58}},"10":{"start":{"line":15,"column":25},"end":{"line":17,"column":16}},"11":{"start":{"line":19,"column":24},"end":{"line":19,"column":43}},"12":{"start":{"line":21,"column":25},"end":{"line":23,"column":null}},"13":{"start":{"line":22,"column":18},"end":{"line":22,"column":59}},"14":{"start":{"line":26,"column":24},"end":{"line":26,"column":48}},"15":{"start":{"line":28,"column":30},"end":{"line":50,"column":16}},"16":{"start":{"line":52,"column":23},"end":{"line":65,"column":6}},"17":{"start":{"line":67,"column":27},"end":{"line":74,"column":6}},"18":{"start":{"line":68,"column":21},"end":{"line":68,"column":77}},"19":{"start":{"line":68,"column":51},"end":{"line":68,"column":76}},"20":{"start":{"line":69,"column":6},"end":{"line":73,"column":8}},"21":{"start":{"line":76,"column":4},"end":{"line":85,"column":7}},"22":{"start":{"line":87,"column":4},"end":{"line":87,"column":25}},"23":{"start":{"line":88,"column":4},"end":{"line":88,"column":61}},"24":{"start":{"line":6,"column":13},"end":{"line":6,"column":32}}},"fnMap":{"0":{"name":"(anonymous_0)","decl":{"start":{"line":6,"column":32},"end":{"line":6,"column":37}},"loc":{"start":{"line":6,"column":70},"end":{"line":90,"column":1}}},"1":{"name":"(anonymous_1)","decl":{"start":{"line":22,"column":6},"end":{"line":22,"column":7}},"loc":{"start":{"line":22,"column":18},"end":{"line":22,"column":59}}},"2":{"name":"(anonymous_2)","decl":{"start":{"line":67,"column":42},"end":{"line":67,"column":43}},"loc":{"start":{"line":67,"column":58},"end":{"line":74,"column":5}}},"3":{"name":"(anonymous_3)","decl":{"start":{"line":68,"column":44},"end":{"line":68,"column":45}},"loc":{"start":{"line":68,"column":51},"end":{"line":68,"column":76}}}},"branchMap":{"0":{"loc":{"start":{"line":22,"column":25},"end":{"line":22,"column":58}},"type":"binary-expr","locations":[{"start":{"line":22,"column":25},"end":{"line":22,"column":37}},{"start":{"line":22,"column":41},"end":{"line":22,"column":53}},{"start":{"line":22,"column":57},"end":{"line":22,"column":58}}]},"1":{"loc":{"start":{"line":71,"column":17},"end":{"line":71,"column":37}},"type":"binary-expr","locations":[{"start":{"line":71,"column":17},"end":{"line":71,"column":32}},{"start":{"line":71,"column":36},"end":{"line":71,"column":37}}]},"2":{"loc":{"start":{"line":72,"column":22},"end":{"line":72,"column":47}},"type":"binary-expr","locations":[{"start":{"line":72,"column":22},"end":{"line":72,"column":42}},{"start":{"line":72,"column":46},"end":{"line":72,"column":47}}]}},"s":{"0":3,"1":3,"2":3,"3":3,"4":0,"5":0,"6":0,"7":0,"8":0,"9":0,"10":0,"11":0,"12":0,"13":0,"14":0,"15":0,"16":0,"17":0,"18":0,"19":0,"20":0,"21":0,"22":0,"23":0,"24":3},"f":{"0":0,"1":0,"2":0,"3":0},"b":{"0":[0,0,0],"1":[0,0],"2":[0,0]}}
,"D:\\admin\\e-commerce-web\\be\\src\\controllers\\imageCloudinary.controller.ts": {"path":"D:\\admin\\e-commerce-web\\be\\src\\controllers\\imageCloudinary.controller.ts","statementMap":{"0":{"start":{"line":1,"column":0},"end":{"line":1,"column":43}},"1":{"start":{"line":4,"column":0},"end":{"line":4,"column":26}},"2":{"start":{"line":10,"column":27},"end":{"line":57,"column":1}},"3":{"start":{"line":11,"column":2},"end":{"line":56,"column":3}},"4":{"start":{"line":12,"column":17},"end":{"line":12,"column":25}},"5":{"start":{"line":13,"column":4},"end":{"line":21,"column":5}},"6":{"start":{"line":18,"column":6},"end":{"line":20,"column":68}},"7":{"start":{"line":23,"column":28},"end":{"line":26,"column":17}},"8":{"start":{"line":28,"column":31},"end":{"line":44,"column":5}},"9":{"start":{"line":29,"column":6},"end":{"line":43,"column":9}},"10":{"start":{"line":30,"column":29},"end":{"line":39,"column":null}},"11":{"start":{"line":37,"column":12},"end":{"line":38,"column":33}},"12":{"start":{"line":37,"column":23},"end":{"line":37,"column":37}},"13":{"start":{"line":38,"column":17},"end":{"line":38,"column":33}},"14":{"start":{"line":42,"column":8},"end":{"line":42,"column":42}},"15":{"start":{"line":46,"column":19},"end":{"line":46,"column":45}},"16":{"start":{"line":48,"column":4},"end":{"line":52,"column":7}},"17":{"start":{"line":54,"column":4},"end":{"line":54,"column":25}},"18":{"start":{"line":55,"column":4},"end":{"line":55,"column":61}},"19":{"start":{"line":10,"column":13},"end":{"line":10,"column":27}},"20":{"start":{"line":59,"column":24},"end":{"line":83,"column":1}},"21":{"start":{"line":60,"column":2},"end":{"line":82,"column":3}},"22":{"start":{"line":61,"column":18},"end":{"line":61,"column":63}},"23":{"start":{"line":63,"column":18},"end":{"line":66,"column":25}},"24":{"start":{"line":68,"column":19},"end":{"line":68,"column":40}},"25":{"start":{"line":70,"column":4},"end":{"line":78,"column":7}},"26":{"start":{"line":72,"column":50},"end":{"line":77,"column":8}},"27":{"start":{"line":80,"column":4},"end":{"line":80,"column":25}},"28":{"start":{"line":81,"column":4},"end":{"line":81,"column":68}},"29":{"start":{"line":59,"column":13},"end":{"line":59,"column":24}},"30":{"start":{"line":85,"column":27},"end":{"line":104,"column":1}},"31":{"start":{"line":86,"column":2},"end":{"line":103,"column":3}},"32":{"start":{"line":87,"column":26},"end":{"line":87,"column":34}},"33":{"start":{"line":88,"column":4},"end":{"line":88,"column":80}},"34":{"start":{"line":88,"column":20},"end":{"line":88,"column":80}},"35":{"start":{"line":90,"column":19},"end":{"line":90,"column":63}},"36":{"start":{"line":92,"column":4},"end":{"line":94,"column":5}},"37":{"start":{"line":93,"column":6},"end":{"line":93,"column":64}},"38":{"start":{"line":96,"column":4},"end":{"line":99,"column":7}},"39":{"start":{"line":101,"column":4},"end":{"line":101,"column":25}},"40":{"start":{"line":102,"column":4},"end":{"line":102,"column":61}},"41":{"start":{"line":85,"column":13},"end":{"line":85,"column":27}}},"fnMap":{"0":{"name":"(anonymous_1)","decl":{"start":{"line":10,"column":27},"end":{"line":10,"column":32}},"loc":{"start":{"line":10,"column":71},"end":{"line":57,"column":1}}},"1":{"name":"(anonymous_2)","decl":{"start":{"line":28,"column":31},"end":{"line":28,"column":48}},"loc":{"start":{"line":28,"column":50},"end":{"line":44,"column":5}}},"2":{"name":"(anonymous_3)","decl":{"start":{"line":29,"column":25},"end":{"line":29,"column":26}},"loc":{"start":{"line":29,"column":45},"end":{"line":43,"column":7}}},"3":{"name":"(anonymous_4)","decl":{"start":{"line":36,"column":10},"end":{"line":36,"column":11}},"loc":{"start":{"line":36,"column":28},"end":{"line":39,"column":11}}},"4":{"name":"(anonymous_5)","decl":{"start":{"line":59,"column":24},"end":{"line":59,"column":29}},"loc":{"start":{"line":59,"column":62},"end":{"line":83,"column":1}}},"5":{"name":"(anonymous_6)","decl":{"start":{"line":72,"column":35},"end":{"line":72,"column":36}},"loc":{"start":{"line":72,"column":50},"end":{"line":77,"column":8}}},"6":{"name":"(anonymous_7)","decl":{"start":{"line":85,"column":27},"end":{"line":85,"column":32}},"loc":{"start":{"line":85,"column":65},"end":{"line":104,"column":1}}}},"branchMap":{"0":{"loc":{"start":{"line":13,"column":4},"end":{"line":21,"column":5}},"type":"if","locations":[{"start":{"line":13,"column":4},"end":{"line":21,"column":5}},{"start":{},"end":{}}]},"1":{"loc":{"start":{"line":14,"column":6},"end":{"line":16,"column":33}},"type":"binary-expr","locations":[{"start":{"line":14,"column":6},"end":{"line":14,"column":11}},{"start":{"line":15,"column":6},"end":{"line":15,"column":41}},{"start":{"line":16,"column":6},"end":{"line":16,"column":33}}]},"2":{"loc":{"start":{"line":37,"column":12},"end":{"line":38,"column":33}},"type":"if","locations":[{"start":{"line":37,"column":12},"end":{"line":38,"column":33}},{"start":{"line":38,"column":17},"end":{"line":38,"column":33}}]},"3":{"loc":{"start":{"line":61,"column":28},"end":{"line":61,"column":62}},"type":"binary-expr","locations":[{"start":{"line":61,"column":28},"end":{"line":61,"column":54}},{"start":{"line":61,"column":58},"end":{"line":61,"column":62}}]},"4":{"loc":{"start":{"line":88,"column":4},"end":{"line":88,"column":80}},"type":"if","locations":[{"start":{"line":88,"column":4},"end":{"line":88,"column":80}},{"start":{},"end":{}}]},"5":{"loc":{"start":{"line":92,"column":4},"end":{"line":94,"column":5}},"type":"if","locations":[{"start":{"line":92,"column":4},"end":{"line":94,"column":5}},{"start":{},"end":{}}]}},"s":{"0":3,"1":3,"2":3,"3":0,"4":0,"5":0,"6":0,"7":0,"8":0,"9":0,"10":0,"11":0,"12":0,"13":0,"14":0,"15":0,"16":0,"17":0,"18":0,"19":3,"20":3,"21":0,"22":0,"23":0,"24":0,"25":0,"26":0,"27":0,"28":0,"29":3,"30":3,"31":0,"32":0,"33":0,"34":0,"35":0,"36":0,"37":0,"38":0,"39":0,"40":0,"41":3},"f":{"0":0,"1":0,"2":0,"3":0,"4":0,"5":0,"6":0},"b":{"0":[0,0],"1":[0,0,0],"2":[0,0],"3":[0,0],"4":[0,0],"5":[0,0]}}
,"D:\\admin\\e-commerce-web\\be\\src\\controllers\\order.controller.ts": {"path":"D:\\admin\\e-commerce-web\\be\\src\\controllers\\order.controller.ts","statementMap":{"0":{"start":{"line":3,"column":0},"end":{"line":3,"column":35}},"1":{"start":{"line":4,"column":0},"end":{"line":4,"column":51}},"2":{"start":{"line":5,"column":0},"end":{"line":5,"column":53}},"3":{"start":{"line":7,"column":32},"end":{"line":65,"column":1}},"4":{"start":{"line":8,"column":2},"end":{"line":64,"column":3}},"5":{"start":{"line":9,"column":21},"end":{"line":9,"column":58}},"6":{"start":{"line":10,"column":20},"end":{"line":10,"column":56}},"7":{"start":{"line":12,"column":17},"end":{"line":12,"column":56}},"8":{"start":{"line":13,"column":18},"end":{"line":13,"column":59}},"9":{"start":{"line":14,"column":17},"end":{"line":14,"column":35}},"10":{"start":{"line":16,"column":28},"end":{"line":19,"column":6}},"11":{"start":{"line":21,"column":17},"end":{"line":24,"column":36}},"12":{"start":{"line":22,"column":18},"end":{"line":22,"column":26}},"13":{"start":{"line":24,"column":19},"end":{"line":24,"column":35}},"14":{"start":{"line":26,"column":18},"end":{"line":26,"column":70}},"15":{"start":{"line":28,"column":20},"end":{"line":28,"column":68}},"16":{"start":{"line":28,"column":45},"end":{"line":28,"column":66}},"17":{"start":{"line":30,"column":22},"end":{"line":46,"column":6}},"18":{"start":{"line":31,"column":19},"end":{"line":31,"column":52}},"19":{"start":{"line":33,"column":6},"end":{"line":45,"column":8}},"20":{"start":{"line":48,"column":23},"end":{"line":48,"column":47}},"21":{"start":{"line":50,"column":4},"end":{"line":60,"column":7}},"22":{"start":{"line":62,"column":4},"end":{"line":62,"column":25}},"23":{"start":{"line":63,"column":4},"end":{"line":63,"column":61}},"24":{"start":{"line":7,"column":13},"end":{"line":7,"column":32}},"25":{"start":{"line":67,"column":35},"end":{"line":98,"column":1}},"26":{"start":{"line":68,"column":2},"end":{"line":97,"column":3}},"27":{"start":{"line":69,"column":28},"end":{"line":69,"column":38}},"28":{"start":{"line":70,"column":23},"end":{"line":70,"column":31}},"29":{"start":{"line":72,"column":26},"end":{"line":72,"column":58}},"30":{"start":{"line":73,"column":4},"end":{"line":75,"column":5}},"31":{"start":{"line":74,"column":6},"end":{"line":74,"column":63}},"32":{"start":{"line":77,"column":21},"end":{"line":77,"column":58}},"33":{"start":{"line":79,"column":18},"end":{"line":79,"column":53}},"34":{"start":{"line":80,"column":4},"end":{"line":82,"column":5}},"35":{"start":{"line":81,"column":6},"end":{"line":81,"column":64}},"36":{"start":{"line":84,"column":19},"end":{"line":84,"column":78}},"37":{"start":{"line":86,"column":4},"end":{"line":88,"column":5}},"38":{"start":{"line":87,"column":6},"end":{"line":87,"column":66}},"39":{"start":{"line":90,"column":4},"end":{"line":93,"column":7}},"40":{"start":{"line":95,"column":4},"end":{"line":95,"column":25}},"41":{"start":{"line":96,"column":4},"end":{"line":96,"column":61}},"42":{"start":{"line":67,"column":13},"end":{"line":67,"column":35}},"43":{"start":{"line":100,"column":35},"end":{"line":118,"column":1}},"44":{"start":{"line":101,"column":2},"end":{"line":117,"column":3}},"45":{"start":{"line":102,"column":28},"end":{"line":102,"column":38}},"46":{"start":{"line":104,"column":21},"end":{"line":104,"column":58}},"47":{"start":{"line":106,"column":18},"end":{"line":106,"column":53}},"48":{"start":{"line":107,"column":4},"end":{"line":109,"column":5}},"49":{"start":{"line":108,"column":6},"end":{"line":108,"column":64}},"50":{"start":{"line":111,"column":4},"end":{"line":111,"column":42}},"51":{"start":{"line":113,"column":4},"end":{"line":113,"column":78}},"52":{"start":{"line":115,"column":4},"end":{"line":115,"column":25}},"53":{"start":{"line":116,"column":4},"end":{"line":116,"column":61}},"54":{"start":{"line":100,"column":13},"end":{"line":100,"column":35}},"55":{"start":{"line":120,"column":28},"end":{"line":176,"column":1}},"56":{"start":{"line":121,"column":2},"end":{"line":175,"column":3}},"57":{"start":{"line":122,"column":19},"end":{"line":122,"column":32}},"58":{"start":{"line":124,"column":17},"end":{"line":124,"column":56}},"59":{"start":{"line":125,"column":18},"end":{"line":125,"column":59}},"60":{"start":{"line":126,"column":17},"end":{"line":126,"column":35}},"61":{"start":{"line":128,"column":4},"end":{"line":130,"column":5}},"62":{"start":{"line":129,"column":6},"end":{"line":129,"column":61}},"63":{"start":{"line":131,"column":21},"end":{"line":131,"column":58}},"64":{"start":{"line":133,"column":22},"end":{"line":135,"column":20}},"65":{"start":{"line":136,"column":24},"end":{"line":136,"column":34}},"66":{"start":{"line":138,"column":4},"end":{"line":140,"column":5}},"67":{"start":{"line":139,"column":6},"end":{"line":139,"column":32}},"68":{"start":{"line":142,"column":28},"end":{"line":150,"column":6}},"69":{"start":{"line":152,"column":23},"end":{"line":152,"column":47}},"70":{"start":{"line":154,"column":22},"end":{"line":161,"column":7}},"71":{"start":{"line":154,"column":41},"end":{"line":161,"column":6}},"72":{"start":{"line":162,"column":4},"end":{"line":171,"column":7}},"73":{"start":{"line":173,"column":4},"end":{"line":173,"column":23}},"74":{"start":{"line":174,"column":4},"end":{"line":174,"column":61}},"75":{"start":{"line":120,"column":13},"end":{"line":120,"column":28}},"76":{"start":{"line":178,"column":28},"end":{"line":210,"column":1}},"77":{"start":{"line":179,"column":2},"end":{"line":209,"column":3}},"78":{"start":{"line":180,"column":28},"end":{"line":180,"column":38}},"79":{"start":{"line":182,"column":21},"end":{"line":182,"column":58}},"80":{"start":{"line":183,"column":18},"end":{"line":183,"column":53}},"81":{"start":{"line":185,"column":4},"end":{"line":187,"column":5}},"82":{"start":{"line":186,"column":6},"end":{"line":186,"column":64}},"83":{"start":{"line":188,"column":28},"end":{"line":193,"column":5}},"84":{"start":{"line":189,"column":6},"end":{"line":189,"column":52}},"85":{"start":{"line":189,"column":38},"end":{"line":189,"column":52}},"86":{"start":{"line":190,"column":6},"end":{"line":190,"column":45}},"87":{"start":{"line":190,"column":25},"end":{"line":190,"column":45}},"88":{"start":{"line":191,"column":6},"end":{"line":191,"column":45}},"89":{"start":{"line":191,"column":25},"end":{"line":191,"column":45}},"90":{"start":{"line":192,"column":6},"end":{"line":192,"column":23}},"91":{"start":{"line":195,"column":22},"end":{"line":203,"column":6}},"92":{"start":{"line":205,"column":4},"end":{"line":205,"column":42}},"93":{"start":{"line":207,"column":4},"end":{"line":207,"column":23}},"94":{"start":{"line":208,"column":4},"end":{"line":208,"column":61}},"95":{"start":{"line":178,"column":13},"end":{"line":178,"column":28}},"96":{"start":{"line":212,"column":27},"end":{"line":236,"column":1}},"97":{"start":{"line":213,"column":2},"end":{"line":235,"column":3}},"98":{"start":{"line":214,"column":19},"end":{"line":214,"column":32}},"99":{"start":{"line":215,"column":4},"end":{"line":215,"column":72}},"100":{"start":{"line":215,"column":17},"end":{"line":215,"column":72}},"101":{"start":{"line":217,"column":47},"end":{"line":217,"column":55}},"102":{"start":{"line":218,"column":21},"end":{"line":218,"column":58}},"103":{"start":{"line":220,"column":21},"end":{"line":227,"column":6}},"104":{"start":{"line":229,"column":4},"end":{"line":229,"column":39}},"105":{"start":{"line":231,"column":4},"end":{"line":231,"column":60}},"106":{"start":{"line":233,"column":4},"end":{"line":233,"column":25}},"107":{"start":{"line":234,"column":4},"end":{"line":234,"column":61}},"108":{"start":{"line":212,"column":13},"end":{"line":212,"column":27}},"109":{"start":{"line":238,"column":27},"end":{"line":265,"column":1}},"110":{"start":{"line":239,"column":2},"end":{"line":264,"column":3}},"111":{"start":{"line":240,"column":19},"end":{"line":240,"column":32}},"112":{"start":{"line":241,"column":4},"end":{"line":243,"column":5}},"113":{"start":{"line":242,"column":6},"end":{"line":242,"column":61}},"114":{"start":{"line":245,"column":28},"end":{"line":245,"column":38}},"115":{"start":{"line":247,"column":21},"end":{"line":247,"column":58}},"116":{"start":{"line":249,"column":18},"end":{"line":249,"column":53}},"117":{"start":{"line":250,"column":4},"end":{"line":252,"column":5}},"118":{"start":{"line":251,"column":6},"end":{"line":251,"column":64}},"119":{"start":{"line":254,"column":4},"end":{"line":256,"column":5}},"120":{"start":{"line":255,"column":6},"end":{"line":255,"column":58}},"121":{"start":{"line":258,"column":4},"end":{"line":258,"column":42}},"122":{"start":{"line":260,"column":4},"end":{"line":260,"column":78}},"123":{"start":{"line":262,"column":4},"end":{"line":262,"column":25}},"124":{"start":{"line":263,"column":4},"end":{"line":263,"column":61}},"125":{"start":{"line":238,"column":13},"end":{"line":238,"column":27}}},"fnMap":{"0":{"name":"(anonymous_0)","decl":{"start":{"line":7,"column":32},"end":{"line":7,"column":37}},"loc":{"start":{"line":7,"column":70},"end":{"line":65,"column":1}}},"1":{"name":"(anonymous_1)","decl":{"start":{"line":22,"column":11},"end":{"line":22,"column":12}},"loc":{"start":{"line":22,"column":18},"end":{"line":22,"column":26}}},"2":{"name":"(anonymous_2)","decl":{"start":{"line":24,"column":11},"end":{"line":24,"column":12}},"loc":{"start":{"line":24,"column":19},"end":{"line":24,"column":35}}},"3":{"name":"(anonymous_3)","decl":{"start":{"line":28,"column":38},"end":{"line":28,"column":39}},"loc":{"start":{"line":28,"column":45},"end":{"line":28,"column":66}}},"4":{"name":"(anonymous_4)","decl":{"start":{"line":30,"column":33},"end":{"line":30,"column":34}},"loc":{"start":{"line":30,"column":39},"end":{"line":46,"column":5}}},"5":{"name":"(anonymous_5)","decl":{"start":{"line":67,"column":35},"end":{"line":67,"column":40}},"loc":{"start":{"line":67,"column":73},"end":{"line":98,"column":1}}},"6":{"name":"(anonymous_6)","decl":{"start":{"line":100,"column":35},"end":{"line":100,"column":40}},"loc":{"start":{"line":100,"column":73},"end":{"line":118,"column":1}}},"7":{"name":"(anonymous_7)","decl":{"start":{"line":120,"column":28},"end":{"line":120,"column":33}},"loc":{"start":{"line":120,"column":70},"end":{"line":176,"column":1}}},"8":{"name":"(anonymous_8)","decl":{"start":{"line":154,"column":33},"end":{"line":154,"column":34}},"loc":{"start":{"line":154,"column":41},"end":{"line":161,"column":6}}},"9":{"name":"(anonymous_9)","decl":{"start":{"line":178,"column":28},"end":{"line":178,"column":33}},"loc":{"start":{"line":178,"column":66},"end":{"line":210,"column":1}}},"10":{"name":"(anonymous_10)","decl":{"start":{"line":188,"column":28},"end":{"line":188,"column":29}},"loc":{"start":{"line":188,"column":44},"end":{"line":193,"column":5}}},"11":{"name":"(anonymous_11)","decl":{"start":{"line":212,"column":27},"end":{"line":212,"column":32}},"loc":{"start":{"line":212,"column":69},"end":{"line":236,"column":1}}},"12":{"name":"(anonymous_12)","decl":{"start":{"line":238,"column":27},"end":{"line":238,"column":32}},"loc":{"start":{"line":238,"column":69},"end":{"line":265,"column":1}}}},"branchMap":{"0":{"loc":{"start":{"line":12,"column":17},"end":{"line":12,"column":56}},"type":"binary-expr","locations":[{"start":{"line":12,"column":17},"end":{"line":12,"column":51}},{"start":{"line":12,"column":55},"end":{"line":12,"column":56}}]},"1":{"loc":{"start":{"line":13,"column":18},"end":{"line":13,"column":59}},"type":"binary-expr","locations":[{"start":{"line":13,"column":18},"end":{"line":13,"column":53}},{"start":{"line":13,"column":57},"end":{"line":13,"column":59}}]},"2":{"loc":{"start":{"line":35,"column":14},"end":{"line":40,"column":16}},"type":"cond-expr","locations":[{"start":{"line":36,"column":12},"end":{"line":39,"column":null}},{"start":{"line":40,"column":12},"end":{"line":40,"column":16}}]},"3":{"loc":{"start":{"line":42,"column":16},"end":{"line":42,"column":49}},"type":"binary-expr","locations":[{"start":{"line":42,"column":16},"end":{"line":42,"column":28}},{"start":{"line":42,"column":32},"end":{"line":42,"column":44}},{"start":{"line":42,"column":48},"end":{"line":42,"column":49}}]},"4":{"loc":{"start":{"line":73,"column":4},"end":{"line":75,"column":5}},"type":"if","locations":[{"start":{"line":73,"column":4},"end":{"line":75,"column":5}},{"start":{},"end":{}}]},"5":{"loc":{"start":{"line":80,"column":4},"end":{"line":82,"column":5}},"type":"if","locations":[{"start":{"line":80,"column":4},"end":{"line":82,"column":5}},{"start":{},"end":{}}]},"6":{"loc":{"start":{"line":86,"column":4},"end":{"line":88,"column":5}},"type":"if","locations":[{"start":{"line":86,"column":4},"end":{"line":88,"column":5}},{"start":{},"end":{}}]},"7":{"loc":{"start":{"line":107,"column":4},"end":{"line":109,"column":5}},"type":"if","locations":[{"start":{"line":107,"column":4},"end":{"line":109,"column":5}},{"start":{},"end":{}}]},"8":{"loc":{"start":{"line":124,"column":17},"end":{"line":124,"column":56}},"type":"binary-expr","locations":[{"start":{"line":124,"column":17},"end":{"line":124,"column":51}},{"start":{"line":124,"column":55},"end":{"line":124,"column":56}}]},"9":{"loc":{"start":{"line":125,"column":18},"end":{"line":125,"column":59}},"type":"binary-expr","locations":[{"start":{"line":125,"column":18},"end":{"line":125,"column":53}},{"start":{"line":125,"column":57},"end":{"line":125,"column":59}}]},"10":{"loc":{"start":{"line":128,"column":4},"end":{"line":130,"column":5}},"type":"if","locations":[{"start":{"line":128,"column":4},"end":{"line":130,"column":5}},{"start":{},"end":{}}]},"11":{"loc":{"start":{"line":133,"column":29},"end":{"line":133,"column":51}},"type":"binary-expr","locations":[{"start":{"line":133,"column":29},"end":{"line":133,"column":45}},{"start":{"line":133,"column":49},"end":{"line":133,"column":51}}]},"12":{"loc":{"start":{"line":138,"column":4},"end":{"line":140,"column":5}},"type":"if","locations":[{"start":{"line":138,"column":4},"end":{"line":140,"column":5}},{"start":{},"end":{}}]},"13":{"loc":{"start":{"line":157,"column":14},"end":{"line":157,"column":47}},"type":"binary-expr","locations":[{"start":{"line":157,"column":14},"end":{"line":157,"column":26}},{"start":{"line":157,"column":30},"end":{"line":157,"column":42}},{"start":{"line":157,"column":46},"end":{"line":157,"column":47}}]},"14":{"loc":{"start":{"line":185,"column":4},"end":{"line":187,"column":5}},"type":"if","locations":[{"start":{"line":185,"column":4},"end":{"line":187,"column":5}},{"start":{},"end":{}}]},"15":{"loc":{"start":{"line":189,"column":6},"end":{"line":189,"column":52}},"type":"if","locations":[{"start":{"line":189,"column":6},"end":{"line":189,"column":52}},{"start":{},"end":{}}]},"16":{"loc":{"start":{"line":190,"column":6},"end":{"line":190,"column":45}},"type":"if","locations":[{"start":{"line":190,"column":6},"end":{"line":190,"column":45}},{"start":{},"end":{}}]},"17":{"loc":{"start":{"line":191,"column":6},"end":{"line":191,"column":45}},"type":"if","locations":[{"start":{"line":191,"column":6},"end":{"line":191,"column":45}},{"start":{},"end":{}}]},"18":{"loc":{"start":{"line":198,"column":14},"end":{"line":198,"column":55}},"type":"binary-expr","locations":[{"start":{"line":198,"column":14},"end":{"line":198,"column":30}},{"start":{"line":198,"column":34},"end":{"line":198,"column":50}},{"start":{"line":198,"column":54},"end":{"line":198,"column":55}}]},"19":{"loc":{"start":{"line":215,"column":4},"end":{"line":215,"column":72}},"type":"if","locations":[{"start":{"line":215,"column":4},"end":{"line":215,"column":72}},{"start":{},"end":{}}]},"20":{"loc":{"start":{"line":241,"column":4},"end":{"line":243,"column":5}},"type":"if","locations":[{"start":{"line":241,"column":4},"end":{"line":243,"column":5}},{"start":{},"end":{}}]},"21":{"loc":{"start":{"line":250,"column":4},"end":{"line":252,"column":5}},"type":"if","locations":[{"start":{"line":250,"column":4},"end":{"line":252,"column":5}},{"start":{},"end":{}}]},"22":{"loc":{"start":{"line":254,"column":4},"end":{"line":256,"column":5}},"type":"if","locations":[{"start":{"line":254,"column":4},"end":{"line":256,"column":5}},{"start":{},"end":{}}]}},"s":{"0":3,"1":3,"2":3,"3":3,"4":0,"5":0,"6":0,"7":0,"8":0,"9":0,"10":0,"11":0,"12":0,"13":0,"14":0,"15":0,"16":0,"17":0,"18":0,"19":0,"20":0,"21":0,"22":0,"23":0,"24":3,"25":3,"26":0,"27":0,"28":0,"29":0,"30":0,"31":0,"32":0,"33":0,"34":0,"35":0,"36":0,"37":0,"38":0,"39":0,"40":0,"41":0,"42":3,"43":3,"44":0,"45":0,"46":0,"47":0,"48":0,"49":0,"50":0,"51":0,"52":0,"53":0,"54":3,"55":3,"56":0,"57":0,"58":0,"59":0,"60":0,"61":0,"62":0,"63":0,"64":0,"65":0,"66":0,"67":0,"68":0,"69":0,"70":0,"71":0,"72":0,"73":0,"74":0,"75":3,"76":3,"77":0,"78":0,"79":0,"80":0,"81":0,"82":0,"83":0,"84":0,"85":0,"86":0,"87":0,"88":0,"89":0,"90":0,"91":0,"92":0,"93":0,"94":0,"95":3,"96":3,"97":0,"98":0,"99":0,"100":0,"101":0,"102":0,"103":0,"104":0,"105":0,"106":0,"107":0,"108":3,"109":3,"110":0,"111":0,"112":0,"113":0,"114":0,"115":0,"116":0,"117":0,"118":0,"119":0,"120":0,"121":0,"122":0,"123":0,"124":0,"125":3},"f":{"0":0,"1":0,"2":0,"3":0,"4":0,"5":0,"6":0,"7":0,"8":0,"9":0,"10":0,"11":0,"12":0},"b":{"0":[0,0],"1":[0,0],"2":[0,0],"3":[0,0,0],"4":[0,0],"5":[0,0],"6":[0,0],"7":[0,0],"8":[0,0],"9":[0,0],"10":[0,0],"11":[0,0],"12":[0,0],"13":[0,0,0],"14":[0,0],"15":[0,0],"16":[0,0],"17":[0,0],"18":[0,0,0],"19":[0,0],"20":[0,0],"21":[0,0],"22":[0,0]}}
,"D:\\admin\\e-commerce-web\\be\\src\\controllers\\product.controller.ts": {"path":"D:\\admin\\e-commerce-web\\be\\src\\controllers\\product.controller.ts","statementMap":{"0":{"start":{"line":1,"column":0},"end":{"line":1,"column":43}},"1":{"start":{"line":3,"column":0},"end":{"line":3,"column":57}},"2":{"start":{"line":4,"column":0},"end":{"line":4,"column":35}},"3":{"start":{"line":6,"column":30},"end":{"line":63,"column":1}},"4":{"start":{"line":7,"column":2},"end":{"line":62,"column":3}},"5":{"start":{"line":8,"column":16},"end":{"line":8,"column":55}},"6":{"start":{"line":10,"column":28},"end":{"line":10,"column":53}},"7":{"start":{"line":12,"column":17},"end":{"line":12,"column":35}},"8":{"start":{"line":14,"column":17},"end":{"line":14,"column":27}},"9":{"start":{"line":16,"column":4},"end":{"line":18,"column":5}},"10":{"start":{"line":17,"column":6},"end":{"line":17,"column":38}},"11":{"start":{"line":20,"column":4},"end":{"line":22,"column":5}},"12":{"start":{"line":21,"column":6},"end":{"line":21,"column":24}},"13":{"start":{"line":24,"column":4},"end":{"line":26,"column":5}},"14":{"start":{"line":25,"column":6},"end":{"line":25,"column":26}},"15":{"start":{"line":28,"column":4},"end":{"line":30,"column":5}},"16":{"start":{"line":29,"column":6},"end":{"line":29,"column":40}},"17":{"start":{"line":32,"column":30},"end":{"line":35,"column":6}},"18":{"start":{"line":37,"column":30},"end":{"line":41,"column":7}},"19":{"start":{"line":37,"column":57},"end":{"line":41,"column":6}},"20":{"start":{"line":43,"column":23},"end":{"line":43,"column":47}},"21":{"start":{"line":45,"column":4},"end":{"line":56,"column":7}},"22":{"start":{"line":58,"column":4},"end":{"line":58,"column":25}},"23":{"start":{"line":59,"column":4},"end":{"line":61,"column":7}},"24":{"start":{"line":6,"column":13},"end":{"line":6,"column":30}},"25":{"start":{"line":65,"column":30},"end":{"line":99,"column":1}},"26":{"start":{"line":66,"column":2},"end":{"line":98,"column":3}},"27":{"start":{"line":67,"column":19},"end":{"line":67,"column":29}},"28":{"start":{"line":69,"column":4},"end":{"line":73,"column":5}},"29":{"start":{"line":70,"column":6},"end":{"line":72,"column":9}},"30":{"start":{"line":75,"column":16},"end":{"line":75,"column":55}},"31":{"start":{"line":77,"column":20},"end":{"line":79,"column":6}},"32":{"start":{"line":81,"column":4},"end":{"line":85,"column":5}},"33":{"start":{"line":82,"column":6},"end":{"line":84,"column":9}},"34":{"start":{"line":87,"column":29},"end":{"line":90,"column":6}},"35":{"start":{"line":91,"column":4},"end":{"line":91,"column":56}},"36":{"start":{"line":93,"column":4},"end":{"line":93,"column":25}},"37":{"start":{"line":95,"column":4},"end":{"line":97,"column":7}},"38":{"start":{"line":65,"column":13},"end":{"line":65,"column":30}},"39":{"start":{"line":101,"column":29},"end":{"line":170,"column":1}},"40":{"start":{"line":102,"column":2},"end":{"line":169,"column":3}},"41":{"start":{"line":103,"column":18},"end":{"line":103,"column":34}},"42":{"start":{"line":105,"column":4},"end":{"line":109,"column":5}},"43":{"start":{"line":106,"column":6},"end":{"line":108,"column":9}},"44":{"start":{"line":112,"column":6},"end":{"line":112,"column":14}},"45":{"start":{"line":114,"column":4},"end":{"line":115,"column":66}},"46":{"start":{"line":115,"column":6},"end":{"line":115,"column":66}},"47":{"start":{"line":117,"column":24},"end":{"line":117,"column":69}},"48":{"start":{"line":119,"column":30},"end":{"line":123,"column":40}},"49":{"start":{"line":125,"column":16},"end":{"line":125,"column":55}},"50":{"start":{"line":127,"column":23},"end":{"line":144,"column":6}},"51":{"start":{"line":146,"column":19},"end":{"line":146,"column":50}},"52":{"start":{"line":148,"column":4},"end":{"line":152,"column":5}},"53":{"start":{"line":149,"column":6},"end":{"line":151,"column":9}},"54":{"start":{"line":154,"column":28},"end":{"line":157,"column":6}},"55":{"start":{"line":159,"column":4},"end":{"line":162,"column":7}},"56":{"start":{"line":164,"column":4},"end":{"line":164,"column":25}},"57":{"start":{"line":166,"column":4},"end":{"line":168,"column":7}},"58":{"start":{"line":101,"column":13},"end":{"line":101,"column":29}},"59":{"start":{"line":172,"column":29},"end":{"line":234,"column":1}},"60":{"start":{"line":173,"column":2},"end":{"line":233,"column":3}},"61":{"start":{"line":174,"column":19},"end":{"line":174,"column":29}},"62":{"start":{"line":176,"column":4},"end":{"line":180,"column":5}},"63":{"start":{"line":177,"column":6},"end":{"line":179,"column":9}},"64":{"start":{"line":183,"column":6},"end":{"line":183,"column":14}},"65":{"start":{"line":185,"column":4},"end":{"line":186,"column":66}},"66":{"start":{"line":186,"column":6},"end":{"line":186,"column":66}},"67":{"start":{"line":188,"column":24},"end":{"line":188,"column":69}},"68":{"start":{"line":190,"column":4},"end":{"line":192,"column":5}},"69":{"start":{"line":191,"column":6},"end":{"line":191,"column":67}},"70":{"start":{"line":194,"column":16},"end":{"line":194,"column":55}},"71":{"start":{"line":196,"column":19},"end":{"line":215,"column":null}},"72":{"start":{"line":218,"column":4},"end":{"line":222,"column":5}},"73":{"start":{"line":219,"column":6},"end":{"line":221,"column":9}},"74":{"start":{"line":224,"column":4},"end":{"line":226,"column":7}},"75":{"start":{"line":228,"column":4},"end":{"line":228,"column":25}},"76":{"start":{"line":230,"column":4},"end":{"line":232,"column":7}},"77":{"start":{"line":172,"column":13},"end":{"line":172,"column":29}},"78":{"start":{"line":236,"column":29},"end":{"line":276,"column":1}},"79":{"start":{"line":237,"column":2},"end":{"line":275,"column":3}},"80":{"start":{"line":238,"column":19},"end":{"line":238,"column":29}},"81":{"start":{"line":240,"column":4},"end":{"line":244,"column":5}},"82":{"start":{"line":241,"column":6},"end":{"line":243,"column":9}},"83":{"start":{"line":246,"column":16},"end":{"line":246,"column":55}},"84":{"start":{"line":248,"column":20},"end":{"line":250,"column":6}},"85":{"start":{"line":252,"column":4},"end":{"line":256,"column":5}},"86":{"start":{"line":253,"column":6},"end":{"line":255,"column":9}},"87":{"start":{"line":258,"column":4},"end":{"line":260,"column":5}},"88":{"start":{"line":259,"column":6},"end":{"line":259,"column":59}},"89":{"start":{"line":262,"column":4},"end":{"line":264,"column":7}},"90":{"start":{"line":266,"column":4},"end":{"line":268,"column":7}},"91":{"start":{"line":270,"column":4},"end":{"line":270,"column":25}},"92":{"start":{"line":272,"column":4},"end":{"line":274,"column":7}},"93":{"start":{"line":236,"column":13},"end":{"line":236,"column":29}}},"fnMap":{"0":{"name":"(anonymous_1)","decl":{"start":{"line":6,"column":30},"end":{"line":6,"column":35}},"loc":{"start":{"line":6,"column":68},"end":{"line":63,"column":1}}},"1":{"name":"(anonymous_2)","decl":{"start":{"line":37,"column":43},"end":{"line":37,"column":44}},"loc":{"start":{"line":37,"column":57},"end":{"line":41,"column":6}}},"2":{"name":"(anonymous_3)","decl":{"start":{"line":65,"column":30},"end":{"line":65,"column":35}},"loc":{"start":{"line":65,"column":68},"end":{"line":99,"column":1}}},"3":{"name":"(anonymous_4)","decl":{"start":{"line":101,"column":29},"end":{"line":101,"column":34}},"loc":{"start":{"line":101,"column":67},"end":{"line":170,"column":1}}},"4":{"name":"(anonymous_5)","decl":{"start":{"line":172,"column":29},"end":{"line":172,"column":34}},"loc":{"start":{"line":172,"column":67},"end":{"line":234,"column":1}}},"5":{"name":"(anonymous_6)","decl":{"start":{"line":236,"column":29},"end":{"line":236,"column":34}},"loc":{"start":{"line":236,"column":67},"end":{"line":276,"column":1}}}},"branchMap":{"0":{"loc":{"start":{"line":16,"column":4},"end":{"line":18,"column":5}},"type":"if","locations":[{"start":{"line":16,"column":4},"end":{"line":18,"column":5}},{"start":{},"end":{}}]},"1":{"loc":{"start":{"line":20,"column":4},"end":{"line":22,"column":5}},"type":"if","locations":[{"start":{"line":20,"column":4},"end":{"line":22,"column":5}},{"start":{},"end":{}}]},"2":{"loc":{"start":{"line":24,"column":4},"end":{"line":26,"column":5}},"type":"if","locations":[{"start":{"line":24,"column":4},"end":{"line":26,"column":5}},{"start":{},"end":{}}]},"3":{"loc":{"start":{"line":28,"column":4},"end":{"line":30,"column":5}},"type":"if","locations":[{"start":{"line":28,"column":4},"end":{"line":30,"column":5}},{"start":{},"end":{}}]},"4":{"loc":{"start":{"line":69,"column":4},"end":{"line":73,"column":5}},"type":"if","locations":[{"start":{"line":69,"column":4},"end":{"line":73,"column":5}},{"start":{},"end":{}}]},"5":{"loc":{"start":{"line":81,"column":4},"end":{"line":85,"column":5}},"type":"if","locations":[{"start":{"line":81,"column":4},"end":{"line":85,"column":5}},{"start":{},"end":{}}]},"6":{"loc":{"start":{"line":105,"column":4},"end":{"line":109,"column":5}},"type":"if","locations":[{"start":{"line":105,"column":4},"end":{"line":109,"column":5}},{"start":{},"end":{}}]},"7":{"loc":{"start":{"line":114,"column":4},"end":{"line":115,"column":66}},"type":"if","locations":[{"start":{"line":114,"column":4},"end":{"line":115,"column":66}},{"start":{},"end":{}}]},"8":{"loc":{"start":{"line":114,"column":8},"end":{"line":114,"column":39}},"type":"binary-expr","locations":[{"start":{"line":114,"column":8},"end":{"line":114,"column":13}},{"start":{"line":114,"column":17},"end":{"line":114,"column":23}},{"start":{"line":114,"column":27},"end":{"line":114,"column":39}}]},"9":{"loc":{"start":{"line":117,"column":24},"end":{"line":117,"column":69}},"type":"cond-expr","locations":[{"start":{"line":117,"column":35},"end":{"line":117,"column":51}},{"start":{"line":117,"column":54},"end":{"line":117,"column":69}}]},"10":{"loc":{"start":{"line":137,"column":16},"end":{"line":137,"column":30}},"type":"binary-expr","locations":[{"start":{"line":137,"column":16},"end":{"line":137,"column":24}},{"start":{"line":137,"column":28},"end":{"line":137,"column":30}}]},"11":{"loc":{"start":{"line":139,"column":17},"end":{"line":139,"column":32}},"type":"binary-expr","locations":[{"start":{"line":139,"column":17},"end":{"line":139,"column":26}},{"start":{"line":139,"column":30},"end":{"line":139,"column":32}}]},"12":{"loc":{"start":{"line":148,"column":4},"end":{"line":152,"column":5}},"type":"if","locations":[{"start":{"line":148,"column":4},"end":{"line":152,"column":5}},{"start":{},"end":{}}]},"13":{"loc":{"start":{"line":176,"column":4},"end":{"line":180,"column":5}},"type":"if","locations":[{"start":{"line":176,"column":4},"end":{"line":180,"column":5}},{"start":{},"end":{}}]},"14":{"loc":{"start":{"line":185,"column":4},"end":{"line":186,"column":66}},"type":"if","locations":[{"start":{"line":185,"column":4},"end":{"line":186,"column":66}},{"start":{},"end":{}}]},"15":{"loc":{"start":{"line":185,"column":8},"end":{"line":185,"column":39}},"type":"binary-expr","locations":[{"start":{"line":185,"column":8},"end":{"line":185,"column":13}},{"start":{"line":185,"column":17},"end":{"line":185,"column":23}},{"start":{"line":185,"column":27},"end":{"line":185,"column":39}}]},"16":{"loc":{"start":{"line":188,"column":24},"end":{"line":188,"column":69}},"type":"cond-expr","locations":[{"start":{"line":188,"column":35},"end":{"line":188,"column":51}},{"start":{"line":188,"column":54},"end":{"line":188,"column":69}}]},"17":{"loc":{"start":{"line":190,"column":4},"end":{"line":192,"column":5}},"type":"if","locations":[{"start":{"line":190,"column":4},"end":{"line":192,"column":5}},{"start":{},"end":{}}]},"18":{"loc":{"start":{"line":218,"column":4},"end":{"line":222,"column":5}},"type":"if","locations":[{"start":{"line":218,"column":4},"end":{"line":222,"column":5}},{"start":{},"end":{}}]},"19":{"loc":{"start":{"line":240,"column":4},"end":{"line":244,"column":5}},"type":"if","locations":[{"start":{"line":240,"column":4},"end":{"line":244,"column":5}},{"start":{},"end":{}}]},"20":{"loc":{"start":{"line":240,"column":8},"end":{"line":240,"column":36}},"type":"binary-expr","locations":[{"start":{"line":240,"column":8},"end":{"line":240,"column":11}},{"start":{"line":240,"column":15},"end":{"line":240,"column":36}}]},"21":{"loc":{"start":{"line":252,"column":4},"end":{"line":256,"column":5}},"type":"if","locations":[{"start":{"line":252,"column":4},"end":{"line":256,"column":5}},{"start":{},"end":{}}]},"22":{"loc":{"start":{"line":258,"column":4},"end":{"line":260,"column":5}},"type":"if","locations":[{"start":{"line":258,"column":4},"end":{"line":260,"column":5}},{"start":{},"end":{}}]}},"s":{"0":3,"1":3,"2":3,"3":3,"4":4,"5":4,"6":4,"7":4,"8":4,"9":4,"10":4,"11":4,"12":4,"13":4,"14":4,"15":4,"16":4,"17":4,"18":4,"19":4,"20":4,"21":4,"22":0,"23":0,"24":3,"25":3,"26":1,"27":1,"28":1,"29":0,"30":1,"31":1,"32":1,"33":0,"34":1,"35":1,"36":0,"37":0,"38":3,"39":3,"40":3,"41":3,"42":3,"43":0,"44":3,"45":3,"46":0,"47":3,"48":3,"49":3,"50":3,"51":3,"52":3,"53":0,"54":3,"55":3,"56":0,"57":0,"58":3,"59":3,"60":0,"61":0,"62":0,"63":0,"64":0,"65":0,"66":0,"67":0,"68":0,"69":0,"70":0,"71":0,"72":0,"73":0,"74":0,"75":0,"76":0,"77":3,"78":3,"79":0,"80":0,"81":0,"82":0,"83":0,"84":0,"85":0,"86":0,"87":0,"88":0,"89":0,"90":0,"91":0,"92":0,"93":3},"f":{"0":4,"1":4,"2":1,"3":3,"4":0,"5":0},"b":{"0":[4,0],"1":[4,0],"2":[4,0],"3":[4,0],"4":[0,1],"5":[0,1],"6":[0,3],"7":[0,3],"8":[3,3,3],"9":[3,0],"10":[3,0],"11":[3,3],"12":[0,3],"13":[0,0],"14":[0,0],"15":[0,0,0],"16":[0,0],"17":[0,0],"18":[0,0],"19":[0,0],"20":[0,0],"21":[0,0],"22":[0,0]}}
,"D:\\admin\\e-commerce-web\\be\\src\\controllers\\user.controller.ts": {"path":"D:\\admin\\e-commerce-web\\be\\src\\controllers\\user.controller.ts","statementMap":{"0":{"start":{"line":2,"column":0},"end":{"line":2,"column":51}},"1":{"start":{"line":3,"column":0},"end":{"line":3,"column":31}},"2":{"start":{"line":4,"column":0},"end":{"line":4,"column":30}},"3":{"start":{"line":5,"column":0},"end":{"line":5,"column":28}},"4":{"start":{"line":7,"column":0},"end":{"line":7,"column":35}},"5":{"start":{"line":8,"column":0},"end":{"line":8,"column":16}},"6":{"start":{"line":10,"column":28},"end":{"line":38,"column":1}},"7":{"start":{"line":11,"column":2},"end":{"line":37,"column":3}},"8":{"start":{"line":12,"column":38},"end":{"line":12,"column":46}},"9":{"start":{"line":14,"column":4},"end":{"line":15,"column":64}},"10":{"start":{"line":15,"column":6},"end":{"line":15,"column":64}},"11":{"start":{"line":17,"column":16},"end":{"line":17,"column":52}},"12":{"start":{"line":19,"column":19},"end":{"line":19,"column":47}},"13":{"start":{"line":21,"column":4},"end":{"line":21,"column":70}},"14":{"start":{"line":21,"column":16},"end":{"line":21,"column":70}},"15":{"start":{"line":23,"column":26},"end":{"line":23,"column":57}},"16":{"start":{"line":25,"column":4},"end":{"line":31,"column":7}},"17":{"start":{"line":33,"column":4},"end":{"line":33,"column":39}},"18":{"start":{"line":35,"column":4},"end":{"line":35,"column":25}},"19":{"start":{"line":36,"column":4},"end":{"line":36,"column":68}},"20":{"start":{"line":10,"column":13},"end":{"line":10,"column":28}},"21":{"start":{"line":40,"column":25},"end":{"line":84,"column":1}},"22":{"start":{"line":41,"column":2},"end":{"line":83,"column":3}},"23":{"start":{"line":42,"column":32},"end":{"line":42,"column":40}},"24":{"start":{"line":44,"column":4},"end":{"line":45,"column":64}},"25":{"start":{"line":45,"column":6},"end":{"line":45,"column":64}},"26":{"start":{"line":47,"column":16},"end":{"line":47,"column":52}},"27":{"start":{"line":49,"column":17},"end":{"line":49,"column":45}},"28":{"start":{"line":51,"column":4},"end":{"line":51,"column":75}},"29":{"start":{"line":51,"column":15},"end":{"line":51,"column":75}},"30":{"start":{"line":53,"column":4},"end":{"line":55,"column":5}},"31":{"start":{"line":54,"column":6},"end":{"line":54,"column":78}},"32":{"start":{"line":57,"column":28},"end":{"line":57,"column":78}},"33":{"start":{"line":59,"column":4},"end":{"line":61,"column":5}},"34":{"start":{"line":60,"column":6},"end":{"line":60,"column":63}},"35":{"start":{"line":63,"column":18},"end":{"line":68,"column":null}},"36":{"start":{"line":71,"column":4},"end":{"line":77,"column":7}},"37":{"start":{"line":79,"column":4},"end":{"line":79,"column":62}},"38":{"start":{"line":81,"column":4},"end":{"line":81,"column":25}},"39":{"start":{"line":82,"column":4},"end":{"line":82,"column":68}},"40":{"start":{"line":40,"column":13},"end":{"line":40,"column":25}},"41":{"start":{"line":86,"column":26},"end":{"line":94,"column":1}},"42":{"start":{"line":87,"column":2},"end":{"line":93,"column":3}},"43":{"start":{"line":88,"column":4},"end":{"line":88,"column":52}},"44":{"start":{"line":89,"column":4},"end":{"line":89,"column":39}},"45":{"start":{"line":91,"column":4},"end":{"line":91,"column":23}},"46":{"start":{"line":92,"column":4},"end":{"line":92,"column":53}},"47":{"start":{"line":86,"column":13},"end":{"line":86,"column":26}},"48":{"start":{"line":96,"column":23},"end":{"line":113,"column":1}},"49":{"start":{"line":97,"column":2},"end":{"line":112,"column":3}},"50":{"start":{"line":98,"column":16},"end":{"line":98,"column":52}},"51":{"start":{"line":99,"column":17},"end":{"line":101,"column":null}},"52":{"start":{"line":103,"column":4},"end":{"line":106,"column":61}},"53":{"start":{"line":104,"column":6},"end":{"line":106,"column":61}},"54":{"start":{"line":108,"column":4},"end":{"line":108,"column":51}},"55":{"start":{"line":110,"column":4},"end":{"line":110,"column":25}},"56":{"start":{"line":111,"column":4},"end":{"line":111,"column":79}},"57":{"start":{"line":96,"column":13},"end":{"line":96,"column":23}},"58":{"start":{"line":115,"column":27},"end":{"line":151,"column":1}},"59":{"start":{"line":116,"column":2},"end":{"line":150,"column":3}},"60":{"start":{"line":117,"column":16},"end":{"line":117,"column":52}},"61":{"start":{"line":119,"column":17},"end":{"line":119,"column":56}},"62":{"start":{"line":120,"column":18},"end":{"line":120,"column":59}},"63":{"start":{"line":121,"column":17},"end":{"line":121,"column":35}},"64":{"start":{"line":123,"column":27},"end":{"line":132,"column":6}},"65":{"start":{"line":134,"column":23},"end":{"line":134,"column":47}},"66":{"start":{"line":136,"column":4},"end":{"line":146,"column":7}},"67":{"start":{"line":148,"column":4},"end":{"line":148,"column":25}},"68":{"start":{"line":149,"column":4},"end":{"line":149,"column":68}},"69":{"start":{"line":115,"column":13},"end":{"line":115,"column":27}},"70":{"start":{"line":153,"column":31},"end":{"line":182,"column":1}},"71":{"start":{"line":154,"column":2},"end":{"line":181,"column":3}},"72":{"start":{"line":155,"column":19},"end":{"line":155,"column":29}},"73":{"start":{"line":156,"column":22},"end":{"line":156,"column":30}},"74":{"start":{"line":158,"column":16},"end":{"line":158,"column":52}},"75":{"start":{"line":160,"column":17},"end":{"line":160,"column":61}},"76":{"start":{"line":161,"column":4},"end":{"line":163,"column":5}},"77":{"start":{"line":162,"column":6},"end":{"line":162,"column":63}},"78":{"start":{"line":165,"column":4},"end":{"line":172,"column":6}},"79":{"start":{"line":174,"column":4},"end":{"line":177,"column":7}},"80":{"start":{"line":179,"column":4},"end":{"line":179,"column":25}},"81":{"start":{"line":180,"column":4},"end":{"line":180,"column":68}},"82":{"start":{"line":153,"column":13},"end":{"line":153,"column":31}},"83":{"start":{"line":184,"column":26},"end":{"line":204,"column":1}},"84":{"start":{"line":185,"column":2},"end":{"line":203,"column":3}},"85":{"start":{"line":186,"column":19},"end":{"line":186,"column":29}},"86":{"start":{"line":187,"column":16},"end":{"line":187,"column":52}},"87":{"start":{"line":189,"column":17},"end":{"line":189,"column":61}},"88":{"start":{"line":190,"column":4},"end":{"line":192,"column":5}},"89":{"start":{"line":191,"column":6},"end":{"line":191,"column":63}},"90":{"start":{"line":194,"column":4},"end":{"line":194,"column":51}},"91":{"start":{"line":196,"column":4},"end":{"line":199,"column":7}},"92":{
[...]
,"D:\\admin\\e-commerce-web\\be\\src\\middleware\\validate.ts": {"path":"D:\\admin\\e-commerce-web\\be\\src\\middleware\\validate.ts","statementMap":{"0":{"start":{"line":2,"column":0},"end":{"line":2,"column":52}},"1":{"start":{"line":4,"column":24},"end":{"line":38,"column":1}},"2":{"start":{"line":9,"column":2},"end":{"line":37,"column":4}},"3":{"start":{"line":10,"column":4},"end":{"line":36,"column":5}},"4":{"start":{"line":11,"column":6},"end":{"line":13,"column":7}},"5":{"start":{"line":12,"column":8},"end":{"line":12,"column":48}},"6":{"start":{"line":15,"column":6},"end":{"line":17,"column":7}},"7":{"start":{"line":16,"column":8},"end":{"line":16,"column":61}},"8":{"start":{"line":19,"column":6},"end":{"line":21,"column":7}},"9":{"start":{"line":20,"column":8},"end":{"line":20,"column":67}},"10":{"start":{"line":23,"column":6},"end":{"line":23,"column":13}},"11":{"start":{"line":25,"column":6},"end":{"line":33,"column":7}},"12":{"start":{"line":26,"column":8},"end":{"line":32,"column":11}},"13":{"start":{"line":28,"column":56},"end":{"line":31,"column":12}},"14":{"start":{"line":35,"column":6},"end":{"line":35,"column":18}},"15":{"start":{"line":4,"column":13},"end":{"line":4,"column":24}}},"fnMap":{"0":{"name":"(anonymous_0)","decl":{"start":{"line":4,"column":24},"end":{"line":4,"column":25}},"loc":{"start":{"line":8,"column":5},"end":{"line":38,"column":1}}},"1":{"name":"(anonymous_1)","decl":{"start":{"line":9,"column":9},"end":{"line":9,"column":10}},"loc":{"start":{"line":9,"column":61},"end":{"line":37,"column":3}}},"2":{"name":"(anonymous_2)","decl":{"start":{"line":28,"column":36},"end":{"line":28,"column":37}},"loc":{"start":{"line":28,"column":56},"end":{"line":31,"column":12}}}},"branchMap":{"0":{"loc":{"start":{"line":11,"column":6},"end":{"line":13,"column":7}},"type":"if","locations":[{"start":{"line":11,"column":6},"end":{"line":13,"column":7}},{"start":{},"end":{}}]},"1":{"loc":{"start":{"line":15,"column":6},"end":{"line":17,"column":7}},"type":"if","locations":[{"start":{"line":15,"column":6},"end":{"line":17,"column":7}},{"start":{},"end":{}}]},"2":{"loc":{"start":{"line":19,"column":6},"end":{"line":21,"column":7}},"type":"if","locations":[{"start":{"line":19,"column":6},"end":{"line":21,"column":7}},{"start":{},"end":{}}]},"3":{"loc":{"start":{"line":25,"column":6},"end":{"line":33,"column":7}},"type":"if","locations":[{"start":{"line":25,"column":6},"end":{"line":33,"column":7}},{"start":{},"end":{}}]}},"s":{"0":3,"1":3,"2":42,"3":36,"4":36,"5":31,"6":18,"7":1,"8":18,"9":4,"10":18,"11":18,"12":18,"13":19,"14":0,"15":3},"f":{"0":42,"1":36,"2":19},"b":{"0":[31,5],"1":[1,17],"2":[4,14],"3":[18,0]}}
,"D:\\admin\\e-commerce-web\\be\\src\\models\\cart.model.ts": {"path":"D:\\admin\\e-commerce-web\\be\\src\\models\\cart.model.ts","statementMap":{"0":{"start":{"line":1,"column":0},"end":{"line":1,"column":56}},"1":{"start":{"line":3,"column":13},"end":{"line":3,"column":60}}},"fnMap":{},"branchMap":{},"s":{"0":2,"1":2},"f":{},"b":{}}
,"D:\\admin\\e-commerce-web\\be\\src\\models\\category.model.ts": {"path":"D:\\admin\\e-commerce-web\\be\\src\\models\\category.model.ts","statementMap":{"0":{"start":{"line":1,"column":0},"end":{"line":1,"column":56}},"1":{"start":{"line":3,"column":13},"end":{"line":3,"column":68}}},"fnMap":{},"branchMap":{},"s":{"0":3,"1":3},"f":{},"b":{}}
,"D:\\admin\\e-commerce-web\\be\\src\\models\\checkout.model.ts": {"path":"D:\\admin\\e-commerce-web\\be\\src\\models\\checkout.model.ts","statementMap":{"0":{"start":{"line":1,"column":0},"end":{"line":1,"column":56}},"1":{"start":{"line":3,"column":13},"end":{"line":3,"column":68}}},"fnMap":{},"branchMap":{},"s":{"0":3,"1":3},"f":{},"b":{}}
,"D:\\admin\\e-commerce-web\\be\\src\\models\\order.model.ts": {"path":"D:\\admin\\e-commerce-web\\be\\src\\models\\order.model.ts","statementMap":{"0":{"start":{"line":1,"column":0},"end":{"line":1,"column":56}},"1":{"start":{"line":3,"column":13},"end":{"line":3,"column":63}}},"fnMap":{},"branchMap":{},"s":{"0":3,"1":3},"f":{},"b":{}}
,"D:\\admin\\e-commerce-web\\be\\src\\models\\product.model.ts": {"path":"D:\\admin\\e-commerce-web\\be\\src\\models\\product.model.ts","statementMap":{"0":{"start":{"line":1,"column":0},"end":{"line":1,"column":56}},"1":{"start":{"line":3,"column":13},"end":{"line":3,"column":67}}},"fnMap":{},"branchMap":{},"s":{"0":1,"1":1},"f":{},"b":{}}
,"D:\\admin\\e-commerce-web\\be\\src\\models\\user.model.ts": {"path":"D:\\admin\\e-commerce-web\\be\\src\\models\\user.model.ts","statementMap":{"0":{"start":{"line":1,"column":0},"end":{"line":1,"column":56}},"1":{"start":{"line":3,"column":13},"end":{"line":3,"column":61}}},"fnMap":{},"branchMap":{},"s":{"0":2,"1":2},"f":{},"b":{}}
,"D:\\admin\\e-commerce-web\\be\\src\\routes\\admin.route.ts": {"path":"D:\\admin\\e-commerce-web\\be\\src\\routes\\admin.route.ts","statementMap":{"0":{"start":{"line":1,"column":0},"end":{"line":1,"column":null}},"1":{"start":{"line":7,"column":0},"end":{"line":7,"column":null}},"2":{"start":{"line":12,"column":0},"end":{"line":12,"column":30}},"3":{"start":{"line":13,"column":0},"end":{"line":13,"column":null}},"4":{"start":{"line":18,"column":0},"end":{"line":18,"column":68}},"5":{"start":{"line":19,"column":0},"end":{"line":19,"column":46}},"6":{"start":{"line":20,"column":0},"end":{"line":20,"column":null}},"7":{"start":{"line":26,"column":0},"end":{"line":26,"column":47}},"8":{"start":{"line":27,"column":0},"end":{"line":27,"column":56}},"9":{"start":{"line":28,"column":0},"end":{"line":28,"column":null}},"10":{"start":{"line":35,"column":15},"end":{"line":35,"column":31}},"11":{"start":{"line":37,"column":0},"end":{"line":37,"column":56}},"12":{"start":{"line":39,"column":0},"end":{"line":39,"column":57}},"13":{"start":{"line":40,"column":0},"end":{"line":40,"column":56}},"14":{"start":{"line":41,"column":0},"end":{"line":41,"column":59}},"15":{"start":{"line":42,"column":0},"end":{"line":42,"column":62}},"16":{"start":{"line":44,"column":0},"end":{"line":49,"column":2}},"17":{"start":{"line":50,"column":0},"end":{"line":55,"column":2}},"18":{"start":{"line":56,"column":0},"end":{"line":61,"column":2}},"19":{"start":{"line":62,"column":0},"end":{"line":62,"column":59}},"20":{"start":{"line":64,"column":0},"end":{"line":64,"column":47}},"21":{"start":{"line":65,"column":0},"end":{"line":70,"column":2}},"22":{"start":{"line":71,"column":0},"end":{"line":71,"column":53}},"23":{"start":{"line":73,"column":0},"end":{"line":73,"column":53}},"24":{"start":{"line":74,"column":0},"end":{"line":74,"column":60}},"25":{"start":{"line":75,"column":0},"end":{"line":75,"column":63}},"26":{"start":{"line":76,"column":0},"end":{"line":76,"column":22}}},"fnMap":{},"branchMap":{},"s":{"0":3,"1":3,"2":3,"3":3,"4":3,"5":3,"6":3,"7":3,"8":3,"9":3,"10":3,"11":3,"12":3,"13":3,"14":3,"15":3,"16":3,"17":3,"18":3,"19":3,"20":3,"21":3,"22":3,"23":3,"24":3,"25":3,"26":3},"f":{},"b":{}}
,"D:\\admin\\e-commerce-web\\be\\src\\routes\\auth.route.ts": {"path":"D:\\admin\\e-commerce-web\\be\\src\\routes\\auth.route.ts","statementMap":{"0":{"start":{"line":1,"column":0},"end":{"line":1,"column":null}},"1":{"start":{"line":6,"column":0},"end":{"line":6,"column":30}},"2":{"start":{"line":7,"column":0},"end":{"line":7,"column":47}},"3":{"start":{"line":8,"column":0},"end":{"line":8,"column":66}},"4":{"start":{"line":10,"column":15},"end":{"line":10,"column":31}},"5":{"start":{"line":12,"column":0},"end":{"line":12,"column":75}},"6":{"start":{"line":13,"column":0},"end":{"line":13,"column":66}},"7":{"start":{"line":14,"column":0},"end":{"line":14,"column":35}},"8":{"start":{"line":16,"column":0},"end":{"line":16,"column":22}}},"fnMap":{},"branchMap":{},"s":{"0":3,"1":3,"2":3,"3":3,"4":3,"5":3,"6":3,"7":3,"8":3},"f":{},"b":{}}
,"D:\\admin\\e-commerce-web\\be\\src\\routes\\cart.route.ts": {"path":"D:\\admin\\e-commerce-web\\be\\src\\routes\\cart.route.ts","statementMap":{"0":{"start":{"line":1,"column":0},"end":{"line":1,"column":null}},"1":{"start":{"line":7,"column":0},"end":{"line":7,"column":30}},"2":{"start":{"line":8,"column":0},"end":{"line":8,"column":46}},"3":{"start":{"line":9,"column":0},"end":{"line":9,"column":47}},"4":{"start":{"line":10,"column":0},"end":{"line":10,"column":null}},"5":{"start":{"line":16,"column":15},"end":{"line":16,"column":31}},"6":{"start":{"line":18,"column":0},"end":{"line":18,"column":38}},"7":{"start":{"line":19,"column":0},"end":{"line":24,"column":2}},"8":{"start":{"line":25,"column":0},"end":{"line":30,"column":2}},"9":{"start":{"line":31,"column":0},"end":{"line":36,"column":2}},"10":{"start":{"line":38,"column":0},"end":{"line":38,"column":22}}},"fnMap":{},"branchMap":{},"s":{"0":3,"1":3,"2":3,"3":3,"4":3,"5":3,"6":3,"7":3,"8":3,"9":3,"10":3},"f":{},"b":{}}
,"D:\\admin\\e-commerce-web\\be\\src\\routes\\checkout.route.ts": {"path":"D:\\admin\\e-commerce-web\\be\\src\\routes\\checkout.route.ts","statementMap":{"0":{"start":{"line":1,"column":0},"end":{"line":1,"column":80}},"1":{"start":{"line":2,"column":0},"end":{"line":2,"column":30}},"2":{"start":{"line":3,"column":0},"end":{"line":3,"column":46}},"3":{"start":{"line":5,"column":15},"end":{"line":5,"column":31}},"4":{"start":{"line":7,"column":0},"end":{"line":7,"column":52}},"5":{"start":{"line":9,"column":0},"end":{"line":9,"column":45}},"6":{"start":{"line":11,"column":0},"end":{"line":11,"column":22}}},"fnMap":{},"branchMap":{},"s":{"0":3,"1":3,"2":3,"3":3,"4":3,"5":3,"6":3},"f":{},"b":{}}
,"D:\\admin\\e-commerce-web\\be\\src\\routes\\imageCloudinary.route.ts": {"path":"D:\\admin\\e-commerce-web\\be\\src\\routes\\imageCloudinary.route.ts","statementMap":{"0":{"start":{"line":1,"column":0},"end":{"line":1,"column":null}},"1":{"start":{"line":6,"column":0},"end":{"line":6,"column":28}},"2":{"start":{"line":7,"column":0},"end":{"line":7,"column":30}},"3":{"start":{"line":8,"column":0},"end":{"line":8,"column":46}},"4":{"start":{"line":10,"column":15},"end":{"line":10,"column":31}},"5":{"start":{"line":12,"column":15},"end":{"line":12,"column":58}},"6":{"start":{"line":14,"column":0},"end":{"line":14,"column":73}},"7":{"start":{"line":15,"column":0},"end":{"line":15,"column":42}},"8":{"start":{"line":16,"column":0},"end":{"line":16,"column":51}},"9":{"start":{"line":18,"column":0},"end":{"line":18,"column":22}}},"fnMap":{},"branchMap":{},"s":{"0":3,"1":3,"2":3,"3":3,"4":3,"5":3,"6":3,"7":3,"8":3,"9":3},"f":{},"b":{}}
,"D:\\admin\\e-commerce-web\\be\\src\\routes\\order.route.ts": {"path":"D:\\admin\\e-commerce-web\\be\\src\\routes\\order.route.ts","statementMap":{"0":{"start":{"line":1,"column":0},"end":{"line":1,"column":null}},"1":{"start":{"line":6,"column":0},"end":{"line":6,"column":30}},"2":{"start":{"line":7,"column":0},"end":{"line":7,"column":46}},"3":{"start":{"line":9,"column":15},"end":{"line":9,"column":31}},"4":{"start":{"line":11,"column":0},"end":{"line":11,"column":43}},"5":{"start":{"line":12,"column":0},"end":{"line":12,"column":46}},"6":{"start":{"line":13,"column":0},"end":{"line":13,"column":48}},"7":{"start":{"line":15,"column":0},"end":{"line":15,"column":22}}},"fnMap":{},"branchMap":{},"s":{"0":3,"1":3,"2":3,"3":3,"4":3,"5":3,"6":3,"7":3},"f":{},"b":{}}
,"D:\\admin\\e-commerce-web\\be\\src\\routes\\product.route.ts": {"path":"D:\\admin\\e-commerce-web\\be\\src\\routes\\product.route.ts","statementMap":{"0":{"start":{"line":1,"column":0},"end":{"line":1,"column":null}},"1":{"start":{"line":8,"column":0},"end":{"line":8,"column":30}},"2":{"start":{"line":9,"column":0},"end":{"line":9,"column":46}},"3":{"start":{"line":10,"column":0},"end":{"line":10,"column":47}},"4":{"start":{"line":11,"column":0},"end":{"line":11,"column":null}},"5":{"start":{"line":18,"column":15},"end":{"line":18,"column":31}},"6":{"start":{"line":20,"column":0},"end":{"line":20,"column":73}},"7":{"start":{"line":22,"column":0},"end":{"line":27,"column":2}},"8":{"start":{"line":29,"column":0},"end":{"line":34,"column":2}},"9":{"start":{"line":36,"column":0},"end":{"line":41,"column":2}},"10":{"start":{"line":43,"column":0},"end":{"line":48,"column":2}},"11":{"start":{"line":50,"column":0},"end":{"line":50,"column":22}}},"fnMap":{},"branchMap":{},"s":{"0":3,"1":3,"2":3,"3":3,"4":3,"5":3,"6":3,"7":3,"8":3,"9":3,"10":3,"11":3},"f":{},"b":{}}
,"D:\\admin\\e-commerce-web\\be\\src\\routes\\users.route.ts": {"path":"D:\\admin\\e-commerce-web\\be\\src\\routes\\users.route.ts","statementMap":{"0":{"start":{"line":1,"column":0},"end":{"line":1,"column":54}},"1":{"start":{"line":2,"column":0},"end":{"line":2,"column":30}},"2":{"start":{"line":3,"column":0},"end":{"line":3,"column":46}},"3":{"start":{"line":5,"column":15},"end":{"line":5,"column":31}},"4":{"start":{"line":6,"column":0},"end":{"line":6,"column":45}},"5":{"start":{"line":8,"column":0},"end":{"line":8,"column":22}}},"fnMap":{},"branchMap":{},"s":{"0":3,"1":3,"2":3,"3":3,"4":3,"5":3},"f":{},"b":{}}
,"D:\\admin\\e-commerce-web\\be\\src\\schemas\\auth.schema.ts": {"path":"D:\\admin\\e-commerce-web\\be\\src\\schemas\\auth.schema.ts","statementMap":{"0":{"start":{"line":1,"column":0},"end":{"line":1,"column":24}},"1":{"start":{"line":3,"column":13},"end":{"line":30,"column":3}},"2":{"start":{"line":32,"column":13},"end":{"line":41,"column":3}},"3":{"start":{"line":43,"column":13},"end":{"line":45,"column":3}}},"fnMap":{},"branchMap":{},"s":{"0":3,"1":3,"2":3,"3":3},"f":{},"b":{}}
,"D:\\admin\\e-commerce-web\\be\\src\\schemas\\cart.schema.ts": {"path":"D:\\admin\\e-commerce-web\\be\\src\\schemas\\cart.schema.ts","statementMap":{"0":{"start":{"line":1,"column":0},"end":{"line":1,"column":24}},"1":{"start":{"line":4,"column":24},"end":{"line":4,"column":67}},"2":{"start":{"line":7,"column":13},"end":{"line":14,"column":3}},"3":{"start":{"line":17,"column":13},"end":{"line":24,"column":3}},"4":{"start":{"line":27,"column":13},"end":{"line":29,"column":3}}},"fnMap":{},"branchMap":{},"s":{"0":3,"1":3,"2":3,"3":3,"4":3},"f":{},"b":{}}
,"D:\\admin\\e-commerce-web\\be\\src\\schemas\\product.schema.ts": {"path":"D:\\admin\\e-commerce-web\\be\\src\\schemas\\product.schema.ts","statementMap":{"0":{"start":{"line":1,"column":0},"end":{"line":1,"column":24}},"1":{"start":{"line":2,"column":0},"end":{"line":2,"column":35}},"2":{"start":{"line":4,"column":23},"end":{"line":6,"column":2}},"3":{"start":{"line":4,"column":50},"end":{"line":4,"column":71}},"4":{"start":{"line":9,"column":13},"end":{"line":21,"column":3}},"5":{"start":{"line":24,"column":13},"end":{"line":24,"column":65}},"6":{"start":{"line":27,"column":13},"end":{"line":29,"column":3}},"7":{"start":{"line":32,"column":13},"end":{"line":44,"column":3}},"8":{"start":{"line":34,"column":4},"end":{"line":34,"column":52}},"9":{"start":{"line":34,"column":43},"end":{"line":34,"column":52}},"10":{"start":{"line":35,"column":19},"end":{"line":35,"column":30}},"11":{"start":{"line":36,"column":4},"end":{"line":36,"column":52}},"12":{"start":{"line":39,"column":4},"end":{"line":39,"column":53}},"13":{"start":{"line":39,"column":43},"end":{"line":39,"column":53}},"14":{"start":{"line":40,"column":19},"end":{"line":40,"column":30}},"15":{"start":{"line":41,"column":4},"end":{"line":41,"column":47}},"16":{"start":{"line":41,"column":37},"end":{"line":41,"column":47}},"17":{"start":{"line":42,"column":4},"end":{"line":42,"column":39}}},"fnMap":{"0":{"name":"(anonymous_0)","decl":{"start":{"line":4,"column":41},"end":{"line":4,"column":42}},"loc":{"start":{"line":4,"column":50},"end":{"line":4,"column":71}}},"1":{"name":"(anonymous_1)","decl":{"start":{"line":33,"column":21},"end":{"line":33,"column":22}},"loc":{"start":{"line":33,"column":29},"end":{"line":37,"column":3}}},"2":{"name":"(anonymous_2)","decl":{"start":{"line":38,"column":22},"end":{"line":38,"column":23}},"loc":{"start":{"line":38,"column":30},"end":{"line":43,"column":3}}}},"branchMap":{"0":{"loc":{"start":{"line":34,"column":4},"end":{"line":34,"column":52}},"type":"if","locations":[{"start":{"line":34,"column":4},"end":{"line":34,"column":52}},{"start":{},"end":{}}]},"1":{"loc":{"start":{"line":34,"column":8},"end":{"line":34,"column":41}},"type":"binary-expr","locations":[{"start":{"line":34,"column":8},"end":{"line":34,"column":25}},{"start":{"line":34,"column":29},"end":{"line":34,"column":41}}]},"2":{"loc":{"start":{"line":36,"column":11},"end":{"line":36,"column":51}},"type":"cond-expr","locations":[{"start":{"line":36,"column":41},"end":{"line":36,"column":42}},{"start":{"line":36,"column":45},"end":{"line":36,"column":51}}]},"3":{"loc":{"start":{"line":36,"column":11},"end":{"line":36,"column":38}},"type":"binary-expr","locations":[{"start":{"line":36,"column":11},"end":{"line":36,"column":24}},{"start":{"line":36,"column":28},"end":{"line":36,"column":38}}]},"4":{"loc":{"start":{"line":39,"column":4},"end":{"line":39,"column":53}},"type":"if","locations":[{"start":{"line":39,"column":4},"end":{"line":39,"column":53}},{"start":{},"end":{}}]},"5":{"loc":{"start":{"line":39,"column":8},"end":{"line":39,"column":41}},"type":"binary-expr","locations":[{"start":{"line":39,"column":8},"end":{"line":39,"column":25}},{"start":{"line":39,"column":29},"end":{"line":39,"column":41}}]},"6":{"loc":{"start":{"line":41,"column":4},"end":{"line":41,"column":47}},"type":"if","locations":[{"start":{"line":41,"column":4},"end":{"line":41,"column":47}},{"start":{},"end":{}}]},"7":{"loc":{"start":{"line":41,"column":8},"end":{"line":41,"column":35}},"type":"binary-expr","locations":[{"start":{"line":41,"column":8},"end":{"line":41,"column":21}},{"start":{"line":41,"column":25},"end":{"line":41,"column":35}}]},"8":{"loc":{"start":{"line":42,"column":11},"end":{"line":42,"column":38}},"type":"cond-expr","locations":[{"start":{"line":42,"column":26},"end":{"line":42,"column":29}},{"start":{"line":42,"column":32},"end":{"line":42,"column":38}}]}},"s":{"0":3,"1":3,"2":3,"3":1,"4":3,"5":3,"6":3,"7":3,"8":4,"9":0,"10":4,"11":4,"12":4,"13":0,"14":4,"15":4,"16":2,"17":2},"f":{"0":1,"1":4,"2":4},"b":{"0":[0,4],"1":[4,4],"2":[2,2],"3":[4,4],"4":[0,4],"5":[4,4],"6":[2,2],"7":[4,2],"8":[1,1]}}
}
