TN:
SF:src\app.ts
FNF:0
FNH:0
DA:1,5
DA:2,5
DA:3,5
DA:4,5
DA:5,5
DA:6,5
DA:7,5
DA:8,5
DA:9,5
DA:10,5
DA:11,5
DA:12,5
DA:14,5
DA:16,5
DA:18,5
DA:19,5
DA:20,5
DA:22,5
DA:30,5
DA:31,5
DA:32,5
DA:33,5
DA:34,5
DA:35,5
DA:36,5
DA:37,5
DA:39,5
LF:27
LH:27
BRF:0
BRH:0
end_of_record
TN:
SF:src\config\cloudinary.ts
FNF:0
FNH:0
DA:1,5
DA:2,5
DA:4,5
DA:6,5
DA:13,5
LF:5
LH:5
BRF:0
BRH:0
end_of_record
TN:
SF:src\controllers\cart.controller.ts
FN:7,(anonymous_0)
FN:11,(anonymous_1)
FN:14,(anonymous_2)
FN:21,(anonymous_3)
FN:26,(anonymous_4)
FN:50,(anonymous_5)
FN:71,(anonymous_6)
FN:114,(anonymous_7)
FN:142,(anonymous_8)
FN:155,(anonymous_9)
FN:179,(anonymous_10)
FN:193,(anonymous_11)
FN:201,(anonymous_12)
FNF:13
FNH:2
FNDA:3,(anonymous_0)
FNDA:0,(anonymous_1)
FNDA:0,(anonymous_2)
FNDA:0,(anonymous_3)
FNDA:0,(anonymous_4)
FNDA:0,(anonymous_5)
FNDA:3,(anonymous_6)
FNDA:0,(anonymous_7)
FNDA:0,(anonymous_8)
FNDA:0,(anonymous_9)
FNDA:0,(anonymous_10)
FNDA:0,(anonymous_11)
FNDA:0,(anonymous_12)
DA:2,5
DA:3,5
DA:4,5
DA:7,5
DA:8,3
DA:11,5
DA:12,0
DA:14,0
DA:16,0
DA:20,0
DA:21,0
DA:24,0
DA:26,0
DA:27,0
DA:29,0
DA:30,0
DA:33,0
DA:35,0
DA:37,0
DA:45,0
DA:47,0
DA:50,5
DA:51,0
DA:52,0
DA:53,0
DA:55,0
DA:57,0
DA:58,0
DA:59,0
DA:62,0
DA:64,0
DA:66,0
DA:67,0
DA:71,5
DA:72,3
DA:73,3
DA:74,3
DA:76,3
DA:77,3
DA:78,0
DA:80,3
DA:82,3
DA:86,3
DA:87,0
DA:90,3
DA:92,3
DA:94,3
DA:95,3
DA:111,3
DA:113,0
DA:114,0
DA:117,0
DA:118,0
DA:120,0
DA:129,0
DA:130,0
DA:132,0
DA:135,3
DA:137,0
DA:138,0
DA:142,5
DA:143,0
DA:144,0
DA:145,0
DA:147,0
DA:149,0
DA:151,0
DA:152,0
DA:154,0
DA:155,0
DA:158,0
DA:159,0
DA:161,0
DA:162,0
DA:164,0
DA:167,0
DA:168,0
DA:170,0
DA:172,0
DA:174,0
DA:175,0
DA:179,5
DA:180,0
DA:181,0
DA:183,0
DA:185,0
DA:187,0
DA:188,0
DA:190,0
DA:192,0
DA:193,0
DA:195,0
DA:196,0
DA:198,0
DA:200,0
DA:201,0
DA:204,0
DA:206,0
DA:208,0
DA:210,0
DA:211,0
LF:101
LH:24
BRDA:8,0,0,0
BRDA:8,0,1,3
BRDA:29,1,0,0
BRDA:29,1,1,0
BRDA:53,2,0,0
BRDA:53,2,1,0
BRDA:58,3,0,0
BRDA:58,3,1,0
BRDA:74,4,0,0
BRDA:74,4,1,3
BRDA:77,5,0,0
BRDA:77,5,1,3
BRDA:77,6,0,3
BRDA:77,6,1,3
BRDA:86,7,0,0
BRDA:86,7,1,3
BRDA:94,8,0,3
BRDA:94,8,1,0
BRDA:117,9,0,0
BRDA:117,9,1,0
BRDA:145,10,0,0
BRDA:145,10,1,0
BRDA:152,11,0,0
BRDA:152,11,1,0
BRDA:158,12,0,0
BRDA:158,12,1,0
BRDA:161,13,0,0
BRDA:161,13,1,0
BRDA:183,14,0,0
BRDA:183,14,1,0
BRDA:190,15,0,0
BRDA:190,15,1,0
BRDA:195,16,0,0
BRDA:195,16,1,0
BRF:34
BRH:7
end_of_record
TN:
SF:src\controllers\category.controller.ts
FN:5,(anonymous_0)
FN:23,(anonymous_1)
FN:48,(anonymous_2)
FN:82,(anonymous_3)
FN:124,(anonymous_4)
FNF:5
FNH:0
FNDA:0,(anonymous_0)
FNDA:0,(anonymous_1)
FNDA:0,(anonymous_2)
FNDA:0,(anonymous_3)
FNDA:0,(anonymous_4)
DA:2,5
DA:3,5
DA:5,5
DA:6,0
DA:7,0
DA:8,0
DA:9,0
DA:10,0
DA:12,0
DA:23,0
DA:29,0
DA:31,0
DA:43,0
DA:44,0
DA:48,5
DA:49,0
DA:50,0
DA:52,0
DA:53,0
DA:55,0
DA:57,0
DA:62,0
DA:63,0
DA:64,0
DA:66,0
DA:73,0
DA:75,0
DA:77,0
DA:78,0
DA:82,5
DA:83,0
DA:84,0
DA:86,0
DA:87,0
DA:89,0
DA:91,0
DA:92,0
DA:94,0
DA:99,0
DA:101,0
DA:114,0
DA:115,0
DA:117,0
DA:119,0
DA:120,0
DA:124,5
DA:125,0
DA:126,0
DA:127,0
DA:128,0
DA:130,0
DA:132,0
DA:134,0
DA:135,0
DA:137,0
DA:139,0
DA:140,0
LF:57
LH:6
BRDA:8,0,0,0
BRDA:8,0,1,0
BRDA:9,1,0,0
BRDA:9,1,1,0
BRDA:52,2,0,0
BRDA:52,2,1,0
BRDA:52,3,0,0
BRDA:52,3,1,0
BRDA:63,4,0,0
BRDA:63,4,1,0
BRDA:86,5,0,0
BRDA:86,5,1,0
BRDA:91,6,0,0
BRDA:91,6,1,0
BRDA:91,7,0,0
BRDA:91,7,1,0
BRDA:114,8,0,0
BRDA:114,8,1,0
BRDA:127,9,0,0
BRDA:127,9,1,0
BRDA:134,10,0,0
BRDA:134,10,1,0
BRF:22
BRH:0
end_of_record
TN:
SF:src\controllers\checkout.controller.ts
FN:10,generatePayID
FN:17,(anonymous_2)
FN:24,(anonymous_3)
FN:147,emptyCart
FN:159,(anonymous_5)
FN:195,(anonymous_6)
FNF:6
FNH:6
FNDA:5,generatePayID
FNDA:16,(anonymous_2)
FNDA:11,(anonymous_3)
FNDA:4,emptyCart
FNDA:2,(anonymous_5)
FNDA:7,(anonymous_6)
DA:3,5
DA:4,5
DA:5,5
DA:6,5
DA:7,5
DA:8,5
DA:11,5
DA:12,5
DA:13,5
DA:14,5
DA:15,5
DA:17,5
DA:18,16
DA:19,16
DA:21,16
DA:22,9
DA:24,11
DA:31,7
DA:32,7
DA:34,7
DA:35,7
DA:36,7
DA:38,7
DA:40,7
DA:41,1
DA:51,6
DA:53,6
DA:58,1
DA:68,5
DA:69,5
DA:71,5
DA:82,5
DA:83,4
DA:84,4
DA:88,4
DA:90,4
DA:98,1
DA:99,1
DA:101,1
DA:107,1
DA:112,1
DA:120,1
DA:132,1
DA:140,0
DA:142,0
DA:143,0
DA:148,4
DA:159,5
DA:160,2
DA:161,2
DA:163,2
DA:166,2
DA:169,2
DA:170,0
DA:180,2
DA:182,2
DA:183,9
DA:184,2
DA:187,7
DA:188,7
DA:192,2
DA:194,2
DA:195,7
DA:198,2
DA:203,2
DA:207,1
DA:217,1
DA:218,1
DA:220,1
DA:222,1
DA:223,1
DA:225,1
DA:226,1
DA:227,0
DA:230,1
DA:231,1
DA:236,1
DA:237,1
DA:247,1
DA:252,0
DA:254,0
DA:258,0
DA:259,0
LF:83
LH:74
BRDA:21,0,0,9
BRDA:21,0,1,7
BRDA:40,1,0,1
BRDA:40,1,1,6
BRDA:51,2,0,6
BRDA:51,2,1,1
BRDA:53,3,0,1
BRDA:53,3,1,5
BRDA:54,4,0,6
BRDA:54,4,1,6
BRDA:54,4,2,5
BRDA:68,5,0,5
BRDA:68,5,1,5
BRDA:74,6,0,5
BRDA:74,6,1,0
BRDA:82,7,0,4
BRDA:82,7,1,1
BRDA:98,8,0,1
BRDA:98,8,1,0
BRDA:122,9,0,1
BRDA:122,9,1,0
BRDA:166,10,0,2
BRDA:166,10,1,0
BRDA:169,11,0,0
BRDA:169,11,1,2
BRDA:183,12,0,2
BRDA:183,12,1,7
BRDA:183,13,0,9
BRDA:183,13,1,7
BRDA:187,14,0,7
BRDA:187,14,1,0
BRDA:203,15,0,1
BRDA:203,15,1,1
BRDA:204,16,0,2
BRDA:204,16,1,2
BRDA:226,17,0,0
BRDA:226,17,1,1
BRDA:230,18,0,1
BRDA:230,18,1,0
BRF:39
BRH:31
end_of_record
TN:
SF:src\controllers\dashboard.controller.ts
FN:6,(anonymous_0)
FN:22,(anonymous_1)
FN:67,(anonymous_2)
FN:68,(anonymous_3)
FNF:4
FNH:0
FNDA:0,(anonymous_0)
FNDA:0,(anonymous_1)
FNDA:0,(anonymous_2)
FNDA:0,(anonymous_3)
DA:2,5
DA:3,5
DA:4,5
DA:6,5
DA:7,0
DA:8,0
DA:9,0
DA:11,0
DA:12,0
DA:14,0
DA:15,0
DA:19,0
DA:21,0
DA:22,0
DA:26,0
DA:28,0
DA:52,0
DA:67,0
DA:68,0
DA:69,0
DA:76,0
DA:87,0
DA:88,0
LF:23
LH:4
BRDA:22,0,0,0
BRDA:22,0,1,0
BRDA:22,0,2,0
BRDA:71,1,0,0
BRDA:71,1,1,0
BRDA:72,2,0,0
BRDA:72,2,1,0
BRF:7
BRH:0
end_of_record
TN:
SF:src\controllers\imageCloudinary.controller.ts
FN:10,(anonymous_1)
FN:28,(anonymous_2)
FN:29,(anonymous_3)
FN:36,(anonymous_4)
FN:59,(anonymous_5)
FN:72,(anonymous_6)
FN:85,(anonymous_7)
FNF:7
FNH:0
FNDA:0,(anonymous_1)
FNDA:0,(anonymous_2)
FNDA:0,(anonymous_3)
FNDA:0,(anonymous_4)
FNDA:0,(anonymous_5)
FNDA:0,(anonymous_6)
FNDA:0,(anonymous_7)
DA:1,5
DA:4,5
DA:10,5
DA:11,0
DA:12,0
DA:13,0
DA:18,0
DA:23,0
DA:28,0
DA:29,0
DA:30,0
DA:37,0
DA:38,0
DA:42,0
DA:46,0
DA:48,0
DA:54,0
DA:55,0
DA:59,5
DA:60,0
DA:61,0
DA:63,0
DA:68,0
DA:70,0
DA:72,0
DA:80,0
DA:81,0
DA:85,5
DA:86,0
DA:87,0
DA:88,0
DA:90,0
DA:92,0
DA:93,0
DA:96,0
DA:101,0
DA:102,0
LF:37
LH:5
BRDA:13,0,0,0
BRDA:13,0,1,0
BRDA:14,1,0,0
BRDA:14,1,1,0
BRDA:14,1,2,0
BRDA:37,2,0,0
BRDA:37,2,1,0
BRDA:61,3,0,0
BRDA:61,3,1,0
BRDA:88,4,0,0
BRDA:88,4,1,0
BRDA:92,5,0,0
BRDA:92,5,1,0
BRF:13
BRH:0
end_of_record
TN:
SF:src\controllers\order.controller.ts
FN:7,(anonymous_0)
FN:22,(anonymous_1)
FN:24,(anonymous_2)
FN:28,(anonymous_3)
FN:30,(anonymous_4)
FN:67,(anonymous_5)
FN:100,(anonymous_6)
FN:120,(anonymous_7)
FN:154,(anonymous_8)
FN:178,(anonymous_9)
FN:188,(anonymous_10)
FN:212,(anonymous_11)
FN:238,(anonymous_12)
FNF:13
FNH:2
FNDA:0,(anonymous_0)
FNDA:0,(anonymous_1)
FNDA:0,(anonymous_2)
FNDA:0,(anonymous_3)
FNDA:0,(anonymous_4)
FNDA:0,(anonymous_5)
FNDA:0,(anonymous_6)
FNDA:0,(anonymous_7)
FNDA:0,(anonymous_8)
FNDA:2,(anonymous_9)
FNDA:0,(anonymous_10)
FNDA:0,(anonymous_11)
FNDA:4,(anonymous_12)
DA:3,5
DA:4,5
DA:5,5
DA:7,5
DA:8,0
DA:9,0
DA:10,0
DA:12,0
DA:13,0
DA:14,0
DA:16,0
DA:21,0
DA:22,0
DA:24,0
DA:26,0
DA:28,0
DA:30,0
DA:31,0
DA:33,0
DA:48,0
DA:50,0
DA:62,0
DA:63,0
DA:67,5
DA:68,0
DA:69,0
DA:70,0
DA:72,0
DA:73,0
DA:74,0
DA:77,0
DA:79,0
DA:80,0
DA:81,0
DA:84,0
DA:86,0
DA:87,0
DA:90,0
DA:95,0
DA:96,0
DA:100,5
DA:101,0
DA:102,0
DA:104,0
DA:106,0
DA:107,0
DA:108,0
DA:111,0
DA:113,0
DA:115,0
DA:116,0
DA:120,5
DA:121,0
DA:122,0
DA:124,0
DA:125,0
DA:126,0
DA:128,0
DA:129,0
DA:131,0
DA:133,0
DA:136,0
DA:138,0
DA:139,0
DA:142,0
DA:152,0
DA:154,0
DA:162,0
DA:173,0
DA:174,0
DA:178,5
DA:179,2
DA:180,2
DA:182,2
DA:183,2
DA:185,2
DA:186,2
DA:188,0
DA:189,0
DA:190,0
DA:191,0
DA:192,0
DA:195,0
DA:205,0
DA:207,0
DA:208,0
DA:212,5
DA:213,0
DA:214,0
DA:215,0
DA:217,0
DA:218,0
DA:220,0
DA:229,0
DA:231,0
DA:233,0
DA:234,0
DA:238,5
DA:239,4
DA:240,4
DA:241,4
DA:242,0
DA:245,4
DA:247,4
DA:249,4
DA:250,4
DA:251,0
DA:254,4
DA:255,1
DA:258,3
DA:260,3
DA:262,0
DA:263,0
LF:113
LH:27
BRDA:12,0,0,0
BRDA:12,0,1,0
BRDA:13,1,0,0
BRDA:13,1,1,0
BRDA:35,2,0,0
BRDA:35,2,1,0
BRDA:42,3,0,0
BRDA:42,3,1,0
BRDA:42,3,2,0
BRDA:73,4,0,0
BRDA:73,4,1,0
BRDA:80,5,0,0
BRDA:80,5,1,0
BRDA:86,6,0,0
BRDA:86,6,1,0
BRDA:107,7,0,0
BRDA:107,7,1,0
BRDA:124,8,0,0
BRDA:124,8,1,0
BRDA:125,9,0,0
BRDA:125,9,1,0
BRDA:128,10,0,0
BRDA:128,10,1,0
BRDA:133,11,0,0
BRDA:133,11,1,0
BRDA:138,12,0,0
BRDA:138,12,1,0
BRDA:157,13,0,0
BRDA:157,13,1,0
BRDA:157,13,2,0
BRDA:185,14,0,2
BRDA:185,14,1,0
BRDA:189,15,0,0
BRDA:189,15,1,0
BRDA:190,16,0,0
BRDA:190,16,1,0
BRDA:191,17,0,0
BRDA:191,17,1,0
BRDA:198,18,0,0
BRDA:198,18,1,0
BRDA:198,18,2,0
BRDA:215,19,0,0
BRDA:215,19,1,0
BRDA:241,20,0,0
BRDA:241,20,1,4
BRDA:250,21,0,0
BRDA:250,21,1,4
BRDA:254,22,0,1
BRDA:254,22,1,3
BRF:49
BRH:5
end_of_record
TN:
SF:src\controllers\product.controller.ts
FN:6,(anonymous_1)
FN:37,(anonymous_2)
FN:65,(anonymous_3)
FN:101,(anonymous_4)
FN:172,(anonymous_5)
FN:236,(anonymous_6)
FNF:6
FNH:4
FNDA:4,(anonymous_1)
FNDA:4,(anonymous_2)
FNDA:1,(anonymous_3)
FNDA:3,(anonymous_4)
FNDA:0,(anonymous_5)
FNDA:0,(anonymous_6)
DA:1,5
DA:3,5
DA:4,5
DA:6,5
DA:7,4
DA:8,4
DA:10,4
DA:12,4
DA:14,4
DA:16,4
DA:17,4
DA:20,4
DA:21,4
DA:24,4
DA:25,4
DA:28,4
DA:29,4
DA:32,4
DA:37,4
DA:43,4
DA:45,4
DA:58,0
DA:59,0
DA:65,5
DA:66,1
DA:67,1
DA:69,1
DA:70,0
DA:75,1
DA:77,1
DA:81,1
DA:82,0
DA:87,1
DA:91,1
DA:93,0
DA:95,0
DA:101,5
DA:102,3
DA:103,3
DA:105,3
DA:106,0
DA:112,3
DA:114,3
DA:115,0
DA:117,3
DA:119,3
DA:125,3
DA:127,3
DA:146,3
DA:148,3
DA:149,0
DA:154,3
DA:159,3
DA:164,0
DA:166,0
DA:172,5
DA:173,0
DA:174,0
DA:176,0
DA:177,0
DA:183,0
DA:185,0
DA:186,0
DA:188,0
DA:190,0
DA:191,0
DA:194,0
DA:196,0
DA:218,0
DA:219,0
DA:224,0
DA:228,0
DA:230,0
DA:236,5
DA:237,0
DA:238,0
DA:240,0
DA:241,0
DA:246,0
DA:248,0
DA:252,0
DA:253,0
DA:258,0
DA:259,0
DA:262,0
DA:266,0
DA:270,0
DA:272,0
LF:88
LH:46
BRDA:16,0,0,4
BRDA:16,0,1,0
BRDA:20,1,0,4
BRDA:20,1,1,0
BRDA:24,2,0,4
BRDA:24,2,1,0
BRDA:28,3,0,4
BRDA:28,3,1,0
BRDA:69,4,0,0
BRDA:69,4,1,1
BRDA:81,5,0,0
BRDA:81,5,1,1
BRDA:105,6,0,0
BRDA:105,6,1,3
BRDA:114,7,0,0
BRDA:114,7,1,3
BRDA:114,8,0,3
BRDA:114,8,1,3
BRDA:114,8,2,3
BRDA:117,9,0,3
BRDA:117,9,1,0
BRDA:137,10,0,3
BRDA:137,10,1,0
BRDA:139,11,0,3
BRDA:139,11,1,3
BRDA:148,12,0,0
BRDA:148,12,1,3
BRDA:176,13,0,0
BRDA:176,13,1,0
BRDA:185,14,0,0
BRDA:185,14,1,0
BRDA:185,15,0,0
BRDA:185,15,1,0
BRDA:185,15,2,0
BRDA:188,16,0,0
BRDA:188,16,1,0
BRDA:190,17,0,0
BRDA:190,17,1,0
BRDA:218,18,0,0
BRDA:218,18,1,0
BRDA:240,19,0,0
BRDA:240,19,1,0
BRDA:240,20,0,0
BRDA:240,20,1,0
BRDA:252,21,0,0
BRDA:252,21,1,0
BRDA:258,22,0,0
BRDA:258,22,1,0
BRF:48
BRH:16
end_of_record
TN:
SF:src\controllers\user.controller.ts
FN:11,(anonymous_1)
FN:42,(anonymous_2)
FN:88,(anonymous_3)
FN:98,(anonymous_4)
FN:117,(anonymous_5)
FN:155,(anonymous_6)
FN:186,(anonymous_7)
FNF:7
FNH:0
FNDA:0,(anonymous_1)
FNDA:0,(anonymous_2)
FNDA:0,(anonymous_3)
FNDA:0,(anonymous_4)
FNDA:0,(anonymous_5)
FNDA:0,(anonymous_6)
FNDA:0,(anonymous_7)
DA:2,5
DA:3,5
DA:4,5
DA:5,5
DA:7,5
DA:9,5
DA:11,5
DA:12,0
DA:13,0
DA:15,0
DA:16,0
DA:18,0
DA:20,0
DA:22,0
DA:23,0
DA:25,0
DA:27,0
DA:35,0
DA:37,0
DA:38,0
DA:42,5
DA:43,0
DA:44,0
DA:46,0
DA:47,0
DA:49,0
DA:51,0
DA:53,0
DA:55,0
DA:56,0
DA:59,0
DA:61,0
DA:62,0
DA:65,0
DA:73,0
DA:81,0
DA:83,0
DA:84,0
DA:88,5
DA:89,0
DA:90,0
DA:91,0
DA:93,0
DA:94,0
DA:98,5
DA:99,0
DA:100,0
DA:101,0
DA:105,0
DA:106,0
DA:110,0
DA:112,0
DA:113,0
DA:117,5
DA:118,0
DA:119,0
DA:121,0
DA:122,0
DA:123,0
DA:125,0
DA:136,0
DA:138,0
DA:150,0
DA:151,0
DA:155,5
DA:156,0
DA:157,0
DA:158,0
DA:160,0
DA:162,0
DA:163,0
DA:164,0
DA:167,0
DA:176,0
DA:181,0
DA:182,0
DA:186,5
DA:187,0
DA:188,0
DA:189,0
DA:191,0
DA:192,0
DA:193,0
DA:196,0
DA:198,0
DA:203,0
DA:204,0
LF:87
LH:13
BRDA:15,0,0,0
BRDA:15,0,1,0
BRDA:15,1,0,0
BRDA:15,1,1,0
BRDA:15,1,2,0
BRDA:22,2,0,0
BRDA:22,2,1,0
BRDA:46,3,0,0
BRDA:46,3,1,0
BRDA:46,4,0,0
BRDA:46,4,1,0
BRDA:53,5,0,0
BRDA:53,5,1,0
BRDA:55,6,0,0
BRDA:55,6,1,0
BRDA:61,7,0,0
BRDA:61,7,1,0
BRDA:105,8,0,0
BRDA:105,8,1,0
BRDA:121,9,0,0
BRDA:121,9,1,0
BRDA:122,10,0,0
BRDA:122,10,1,0
BRDA:163,11,0,0
BRDA:163,11,1,0
BRDA:178,12,0,0
BRDA:178,12,1,0
BRDA:192,13,0,0
BRDA:192,13,1,0
BRF:29
BRH:0
end_of_record
TN:
SF:src\lib\mongodb-wrapper.ts
FN:18,(anonymous_1)
FN:28,(anonymous_2)
FN:32,(anonymous_3)
FN:37,(anonymous_4)
FN:45,(anonymous_5)
FN:59,(anonymous_6)
FN:63,(anonymous_7)
FN:73,(anonymous_8)
FN:90,(anonymous_9)
FN:95,(anonymous_10)
FNF:10
FNH:3
FNDA:5,(anonymous_1)
FNDA:0,(anonymous_2)
FNDA:0,(anonymous_3)
FNDA:21,(anonymous_4)
FNDA:0,(anonymous_5)
FNDA:0,(anonymous_6)
FNDA:0,(anonymous_7)
FNDA:0,(anonymous_8)
FNDA:21,(anonymous_9)
FNDA:0,(anonymous_10)
DA:1,5
DA:2,5
DA:4,5
DA:15,5
DA:16,5
DA:19,5
DA:28,5
DA:29,0
DA:32,5
DA:33,0
DA:38,21
DA:39,5
DA:42,21
DA:46,0
DA:48,0
DA:49,0
DA:51,0
DA:53,0
DA:55,0
DA:57,0
DA:59,0
DA:64,0
DA:65,0
DA:67,0
DA:69,0
DA:74,0
DA:75,0
DA:78,0
DA:91,21
DA:92,21
DA:96,0
DA:97,0
DA:101,5
LF:33
LH:14
BRDA:38,0,0,5
BRDA:38,0,1,16
BRDA:46,1,0,0
BRDA:46,1,1,0
BRDA:64,2,0,0
BRDA:64,2,1,0
BRDA:74,3,0,0
BRDA:74,3,1,0
BRF:8
BRH:2
end_of_record
TN:
SF:src\middleware\auth.ts
FN:12,(anonymous_1)
FN:40,(anonymous_2)
FNF:2
FNH:1
FNDA:21,(anonymous_1)
FNDA:0,(anonymous_2)
DA:1,4
DA:3,4
DA:4,4
DA:6,4
DA:12,4
DA:18,21
DA:20,21
DA:22,20
DA:23,20
DA:29,20
DA:34,20
DA:36,0
DA:40,4
DA:45,0
DA:46,0
DA:48,0
LF:16
LH:12
BRDA:18,0,0,21
BRDA:18,0,1,21
BRDA:20,1,0,1
BRDA:20,1,1,20
BRDA:45,2,0,0
BRDA:45,2,1,0
BRF:6
BRH:4
end_of_record
TN:
SF:src\middleware\validate.ts
FN:4,(anonymous_0)
FN:9,(anonymous_1)
FN:28,(anonymous_2)
FNF:3
FNH:3
FNDA:70,(anonymous_0)
FNDA:18,(anonymous_1)
FNDA:7,(anonymous_2)
DA:2,5
DA:4,5
DA:9,70
DA:10,18
DA:11,18
DA:12,13
DA:15,11
DA:16,1
DA:19,11
DA:20,4
DA:23,11
DA:25,7
DA:26,7
DA:28,7
DA:35,0
LF:15
LH:14
BRDA:11,0,0,13
BRDA:11,0,1,5
BRDA:15,1,0,1
BRDA:15,1,1,10
BRDA:19,2,0,4
BRDA:19,2,1,7
BRDA:25,3,0,7
BRDA:25,3,1,0
BRF:8
BRH:7
end_of_record
TN:
SF:src\models\cart.model.ts
FNF:0
FNH:0
DA:1,3
DA:3,3
LF:2
LH:2
BRF:0
BRH:0
end_of_record
TN:
SF:src\models\category.model.ts
FNF:0
FNH:0
DA:1,5
DA:3,5
LF:2
LH:2
BRF:0
BRH:0
end_of_record
TN:
SF:src\models\checkout.model.ts
FNF:0
FNH:0
DA:1,4
DA:3,4
LF:2
LH:2
BRF:0
BRH:0
end_of_record
TN:
SF:src\models\order.model.ts
FNF:0
FNH:0
DA:1,3
DA:3,3
LF:2
LH:2
BRF:0
BRH:0
end_of_record
TN:
SF:src\models\product.model.ts
FNF:0
FNH:0
DA:1,3
DA:3,3
LF:2
LH:2
BRF:0
BRH:0
end_of_record
TN:
SF:src\models\user.model.ts
FNF:0
FNH:0
DA:1,3
DA:3,3
LF:2
LH:2
BRF:0
BRH:0
end_of_record
TN:
SF:src\routes\admin.route.ts
FNF:0
FNH:0
DA:1,5
DA:7,5
DA:12,5
DA:13,5
DA:18,5
DA:19,5
DA:20,5
DA:26,5
DA:27,5
DA:28,5
DA:35,5
DA:37,5
DA:39,5
DA:40,5
DA:41,5
DA:42,5
DA:44,5
DA:50,5
DA:56,5
DA:62,5
DA:64,5
DA:65,5
DA:71,5
DA:73,5
DA:74,5
DA:75,5
DA:76,5
LF:27
LH:27
BRF:0
BRH:0
end_of_record
TN:
SF:src\routes\auth.route.ts
FNF:0
FNH:0
DA:1,5
DA:6,5
DA:7,5
DA:8,5
DA:10,5
DA:12,5
DA:13,5
DA:14,5
DA:16,5
LF:9
LH:9
BRF:0
BRH:0
end_of_record
TN:
SF:src\routes\cart.route.ts
FNF:0
FNH:0
DA:1,5
DA:7,5
DA:8,5
DA:9,5
DA:10,5
DA:16,5
DA:18,5
DA:19,5
DA:25,5
DA:31,5
DA:38,5
LF:11
LH:11
BRF:0
BRH:0
end_of_record
TN:
SF:src\routes\checkout.route.ts
FNF:0
FNH:0
DA:1,5
DA:2,5
DA:3,5
DA:5,5
DA:7,5
DA:9,5
DA:11,5
DA:13,5
LF:8
LH:8
BRF:0
BRH:0
end_of_record
TN:
SF:src\routes\imageCloudinary.route.ts
FNF:0
FNH:0
DA:1,5
DA:6,5
DA:7,5
DA:8,5
DA:10,5
DA:12,5
DA:14,5
DA:15,5
DA:16,5
DA:18,5
LF:10
LH:10
BRF:0
BRH:0
end_of_record
TN:
SF:src\routes\order.route.ts
FNF:0
FNH:0
DA:1,5
DA:6,5
DA:7,5
DA:9,5
DA:11,5
DA:12,5
DA:13,5
DA:15,5
LF:8
LH:8
BRF:0
BRH:0
end_of_record
TN:
SF:src\routes\product.route.ts
FNF:0
FNH:0
DA:1,5
DA:8,5
DA:9,5
DA:10,5
DA:11,5
DA:18,5
DA:20,5
DA:22,5
DA:29,5
DA:36,5
DA:43,5
DA:50,5
LF:12
LH:12
BRF:0
BRH:0
end_of_record
TN:
SF:src\routes\users.route.ts
FNF:0
FNH:0
DA:1,5
DA:2,5
DA:3,5
DA:5,5
DA:6,5
DA:8,5
LF:6
LH:6
BRF:0
BRH:0
end_of_record
TN:
SF:src\schemas\auth.schema.ts
FNF:0
FNH:0
DA:1,5
DA:3,5
DA:32,5
DA:43,5
LF:4
LH:4
BRF:0
BRH:0
end_of_record
TN:
SF:src\schemas\cart.schema.ts
FNF:0
FNH:0
DA:1,5
DA:4,5
DA:7,5
DA:17,5
DA:27,5
LF:5
LH:5
BRF:0
BRH:0
end_of_record
TN:
SF:src\schemas\checkout.schema.ts
FNF:0
FNH:0
DA:1,5
DA:3,5
DA:9,5
DA:27,5
LF:4
LH:4
BRF:0
BRH:0
end_of_record
TN:
SF:src\schemas\product.schema.ts
FN:4,(anonymous_0)
FN:33,(anonymous_1)
FN:38,(anonymous_2)
FNF:3
FNH:3
FNDA:1,(anonymous_0)
FNDA:4,(anonymous_1)
FNDA:4,(anonymous_2)
DA:1,5
DA:2,5
DA:4,5
DA:9,5
DA:24,5
DA:27,5
DA:32,5
DA:34,4
DA:35,4
DA:36,4
DA:39,4
DA:40,4
DA:41,4
DA:42,2
LF:14
LH:14
BRDA:34,0,0,0
BRDA:34,0,1,4
BRDA:34,1,0,4
BRDA:34,1,1,4
BRDA:36,2,0,2
BRDA:36,2,1,2
BRDA:36,3,0,4
BRDA:36,3,1,4
BRDA:39,4,0,0
BRDA:39,4,1,4
BRDA:39,5,0,4
BRDA:39,5,1,4
BRDA:41,6,0,2
BRDA:41,6,1,2
BRDA:41,7,0,4
BRDA:41,7,1,2
BRDA:42,8,0,1
BRDA:42,8,1,1
BRF:18
BRH:16
end_of_record
